{"/Users/ruib/TheKnife/theknife-backend/knexfile.js": {"path":"/Users/ruib/TheKnife/theknife-backend/knexfile.js","statementMap":{"0":{"start":{"line":1,"column":15},"end":{"line":1,"column":32}},"1":{"start":{"line":2,"column":13},"end":{"line":2,"column":28}},"2":{"start":{"line":4,"column":0},"end":{"line":6,"column":3}},"3":{"start":{"line":8,"column":0},"end":{"line":28,"column":2}}},"fnMap":{},"branchMap":{},"s":{"0":10,"1":10,"2":10,"3":10},"f":{},"b":{},"_coverageSchema":"1a1c01bbd47fc00a2c39e90264f33305004495a9","hash":"e91ec6581350edccebf268c9c9c8332fe4d1732d"}
,"/Users/ruib/TheKnife/theknife-backend/src/app.js": {"path":"/Users/ruib/TheKnife/theknife-backend/src/app.js","statementMap":{"0":{"start":{"line":1,"column":12},"end":{"line":1,"column":32}},"1":{"start":{"line":2,"column":16},"end":{"line":2,"column":34}},"2":{"start":{"line":3,"column":13},"end":{"line":3,"column":28}},"3":{"start":{"line":4,"column":13},"end":{"line":4,"column":28}},"4":{"start":{"line":5,"column":17},"end":{"line":5,"column":39}},"5":{"start":{"line":6,"column":15},"end":{"line":6,"column":34}},"6":{"start":{"line":8,"column":0},"end":{"line":8,"column":41}},"7":{"start":{"line":10,"column":0},"end":{"line":15,"column":4}},"8":{"start":{"line":17,"column":0},"end":{"line":24,"column":13}},"9":{"start":{"line":26,"column":0},"end":{"line":28,"column":3}},"10":{"start":{"line":27,"column":2},"end":{"line":27,"column":25}},"11":{"start":{"line":30,"column":0},"end":{"line":35,"column":3}},"12":{"start":{"line":31,"column":35},"end":{"line":31,"column":38}},"13":{"start":{"line":32,"column":2},"end":{"line":33,"column":54}},"14":{"start":{"line":32,"column":34},"end":{"line":32,"column":75}},"15":{"start":{"line":33,"column":7},"end":{"line":33,"column":54}},"16":{"start":{"line":34,"column":2},"end":{"line":34,"column":12}},"17":{"start":{"line":37,"column":0},"end":{"line":37,"column":21}}},"fnMap":{"0":{"name":"(anonymous_0)","decl":{"start":{"line":26,"column":13},"end":{"line":26,"column":14}},"loc":{"start":{"line":26,"column":27},"end":{"line":28,"column":1}},"line":26},"1":{"name":"(anonymous_1)","decl":{"start":{"line":30,"column":8},"end":{"line":30,"column":9}},"loc":{"start":{"line":30,"column":33},"end":{"line":35,"column":1}},"line":30}},"branchMap":{"0":{"loc":{"start":{"line":32,"column":2},"end":{"line":33,"column":54}},"type":"if","locations":[{"start":{"line":32,"column":2},"end":{"line":33,"column":54}},{"start":{"line":33,"column":7},"end":{"line":33,"column":54}}],"line":32}},"s":{"0":10,"1":10,"2":10,"3":10,"4":10,"5":10,"6":10,"7":10,"8":10,"9":10,"10":1,"11":10,"12":52,"13":52,"14":52,"15":0,"16":52,"17":10},"f":{"0":1,"1":52},"b":{"0":[52,0]},"_coverageSchema":"1a1c01bbd47fc00a2c39e90264f33305004495a9","hash":"f266eb97386de7572905f088665b16123cc4c363"}
,"/Users/ruib/TheKnife/theknife-backend/src/config.js": {"path":"/Users/ruib/TheKnife/theknife-backend/src/config.js","statementMap":{"0":{"start":{"line":1,"column":15},"end":{"line":1,"column":32}},"1":{"start":{"line":2,"column":13},"end":{"line":2,"column":28}},"2":{"start":{"line":4,"column":0},"end":{"line":6,"column":3}},"3":{"start":{"line":8,"column":0},"end":{"line":11,"column":2}}},"fnMap":{},"branchMap":{"0":{"loc":{"start":{"line":9,"column":12},"end":{"line":9,"column":42}},"type":"binary-expr","locations":[{"start":{"line":9,"column":12},"end":{"line":9,"column":32}},{"start":{"line":9,"column":36},"end":{"line":9,"column":42}}],"line":9},"1":{"loc":{"start":{"line":10,"column":13},"end":{"line":10,"column":44}},"type":"binary-expr","locations":[{"start":{"line":10,"column":13},"end":{"line":10,"column":34}},{"start":{"line":10,"column":38},"end":{"line":10,"column":44}}],"line":10}},"s":{"0":10,"1":10,"2":10,"3":10},"f":{},"b":{"0":[10,0],"1":[10,0]},"_coverageSchema":"1a1c01bbd47fc00a2c39e90264f33305004495a9","hash":"68063dada56ccc7eeb84aa959457d786d56200ef"}
,"/Users/ruib/TheKnife/theknife-backend/src/config/middlewares.js": {"path":"/Users/ruib/TheKnife/theknife-backend/src/config/middlewares.js","statementMap":{"0":{"start":{"line":1,"column":19},"end":{"line":1,"column":41}},"1":{"start":{"line":3,"column":0},"end":{"line":5,"column":2}},"2":{"start":{"line":4,"column":2},"end":{"line":4,"column":29}}},"fnMap":{"0":{"name":"(anonymous_0)","decl":{"start":{"line":3,"column":17},"end":{"line":3,"column":18}},"loc":{"start":{"line":3,"column":26},"end":{"line":5,"column":1}},"line":3}},"branchMap":{},"s":{"0":10,"1":10,"2":10},"f":{"0":10},"b":{},"_coverageSchema":"1a1c01bbd47fc00a2c39e90264f33305004495a9","hash":"69e011b0b91db329f3f80025146287ff4031bbad"}
,"/Users/ruib/TheKnife/theknife-backend/src/config/passport.js": {"path":"/Users/ruib/TheKnife/theknife-backend/src/config/passport.js","statementMap":{"0":{"start":{"line":1,"column":28},"end":{"line":1,"column":47}},"1":{"start":{"line":3,"column":20},"end":{"line":3,"column":43}},"2":{"start":{"line":5,"column":26},"end":{"line":5,"column":43}},"3":{"start":{"line":7,"column":33},"end":{"line":7,"column":44}},"4":{"start":{"line":9,"column":0},"end":{"line":28,"column":2}},"5":{"start":{"line":10,"column":28},"end":{"line":13,"column":3}},"6":{"start":{"line":15,"column":30},"end":{"line":21,"column":4}},"7":{"start":{"line":16,"column":4},"end":{"line":20,"column":42}},"8":{"start":{"line":18,"column":8},"end":{"line":19,"column":31}},"9":{"start":{"line":18,"column":25},"end":{"line":18,"column":52}},"10":{"start":{"line":19,"column":13},"end":{"line":19,"column":31}},"11":{"start":{"line":20,"column":24},"end":{"line":20,"column":40}},"12":{"start":{"line":23,"column":2},"end":{"line":23,"column":47}},"13":{"start":{"line":25,"column":2},"end":{"line":27,"column":4}},"14":{"start":{"line":26,"column":35},"end":{"line":26,"column":94}}},"fnMap":{"0":{"name":"(anonymous_0)","decl":{"start":{"line":9,"column":17},"end":{"line":9,"column":18}},"loc":{"start":{"line":9,"column":26},"end":{"line":28,"column":1}},"line":9},"1":{"name":"(anonymous_1)","decl":{"start":{"line":15,"column":62},"end":{"line":15,"column":63}},"loc":{"start":{"line":15,"column":81},"end":{"line":21,"column":3}},"line":15},"2":{"name":"(anonymous_2)","decl":{"start":{"line":17,"column":12},"end":{"line":17,"column":13}},"loc":{"start":{"line":17,"column":29},"end":{"line":20,"column":7}},"line":17},"3":{"name":"(anonymous_3)","decl":{"start":{"line":20,"column":15},"end":{"line":20,"column":16}},"loc":{"start":{"line":20,"column":24},"end":{"line":20,"column":40}},"line":20},"4":{"name":"(anonymous_4)","decl":{"start":{"line":26,"column":29},"end":{"line":26,"column":30}},"loc":{"start":{"line":26,"column":35},"end":{"line":26,"column":94}},"line":26}},"branchMap":{"0":{"loc":{"start":{"line":18,"column":8},"end":{"line":19,"column":31}},"type":"if","locations":[{"start":{"line":18,"column":8},"end":{"line":19,"column":31}},{"start":{"line":19,"column":13},"end":{"line":19,"column":31}}],"line":18}},"s":{"0":10,"1":10,"2":10,"3":10,"4":10,"5":10,"6":10,"7":10,"8":10,"9":10,"10":0,"11":0,"12":10,"13":10,"14":30},"f":{"0":10,"1":10,"2":10,"3":0,"4":30},"b":{"0":[10,0]},"_coverageSchema":"1a1c01bbd47fc00a2c39e90264f33305004495a9","hash":"73541523ab52eb331ebb6429c93a7f1d6d52ffc3"}
,"/Users/ruib/TheKnife/theknife-backend/src/config/passportuser.js": {"path":"/Users/ruib/TheKnife/theknife-backend/src/config/passportuser.js","statementMap":{"0":{"start":{"line":1,"column":21},"end":{"line":1,"column":40}},"1":{"start":{"line":3,"column":20},"end":{"line":3,"column":43}},"2":{"start":{"line":5,"column":33},"end":{"line":5,"column":44}},"3":{"start":{"line":7,"column":19},"end":{"line":7,"column":35}},"4":{"start":{"line":9,"column":0},"end":{"line":28,"column":2}},"5":{"start":{"line":10,"column":21},"end":{"line":13,"column":3}},"6":{"start":{"line":15,"column":23},"end":{"line":21,"column":4}},"7":{"start":{"line":16,"column":4},"end":{"line":20,"column":42}},"8":{"start":{"line":18,"column":8},"end":{"line":19,"column":31}},"9":{"start":{"line":18,"column":18},"end":{"line":18,"column":45}},"10":{"start":{"line":19,"column":13},"end":{"line":19,"column":31}},"11":{"start":{"line":20,"column":24},"end":{"line":20,"column":40}},"12":{"start":{"line":23,"column":2},"end":{"line":23,"column":45}},"13":{"start":{"line":25,"column":2},"end":{"line":27,"column":4}},"14":{"start":{"line":26,"column":28},"end":{"line":26,"column":85}}},"fnMap":{"0":{"name":"(anonymous_0)","decl":{"start":{"line":9,"column":17},"end":{"line":9,"column":18}},"loc":{"start":{"line":9,"column":26},"end":{"line":28,"column":1}},"line":9},"1":{"name":"(anonymous_1)","decl":{"start":{"line":15,"column":48},"end":{"line":15,"column":49}},"loc":{"start":{"line":15,"column":67},"end":{"line":21,"column":3}},"line":15},"2":{"name":"(anonymous_2)","decl":{"start":{"line":17,"column":12},"end":{"line":17,"column":13}},"loc":{"start":{"line":17,"column":22},"end":{"line":20,"column":7}},"line":17},"3":{"name":"(anonymous_3)","decl":{"start":{"line":20,"column":15},"end":{"line":20,"column":16}},"loc":{"start":{"line":20,"column":24},"end":{"line":20,"column":40}},"line":20},"4":{"name":"(anonymous_4)","decl":{"start":{"line":26,"column":22},"end":{"line":26,"column":23}},"loc":{"start":{"line":26,"column":28},"end":{"line":26,"column":85}},"line":26}},"branchMap":{"0":{"loc":{"start":{"line":18,"column":8},"end":{"line":19,"column":31}},"type":"if","locations":[{"start":{"line":18,"column":8},"end":{"line":19,"column":31}},{"start":{"line":19,"column":13},"end":{"line":19,"column":31}}],"line":18}},"s":{"0":10,"1":10,"2":10,"3":10,"4":10,"5":10,"6":10,"7":8,"8":8,"9":8,"10":0,"11":0,"12":10,"13":10,"14":20},"f":{"0":10,"1":8,"2":8,"3":0,"4":20},"b":{"0":[8,0]},"_coverageSchema":"1a1c01bbd47fc00a2c39e90264f33305004495a9","hash":"3dfb974167bf3e2b7a1ab4f3b78bd23acf42326f"}
,"/Users/ruib/TheKnife/theknife-backend/src/config/routes.js": {"path":"/Users/ruib/TheKnife/theknife-backend/src/config/routes.js","statementMap":{"0":{"start":{"line":1,"column":0},"end":{"line":89,"column":2}},"1":{"start":{"line":2,"column":2},"end":{"line":3,"column":46}},"2":{"start":{"line":5,"column":2},"end":{"line":6,"column":52}},"3":{"start":{"line":8,"column":2},"end":{"line":9,"column":39}},"4":{"start":{"line":11,"column":2},"end":{"line":12,"column":35}},"5":{"start":{"line":14,"column":2},"end":{"line":16,"column":53}},"6":{"start":{"line":18,"column":2},"end":{"line":20,"column":52}},"7":{"start":{"line":22,"column":2},"end":{"line":23,"column":60}},"8":{"start":{"line":25,"column":2},"end":{"line":28,"column":52}},"9":{"start":{"line":30,"column":2},"end":{"line":33,"column":51}},"10":{"start":{"line":35,"column":2},"end":{"line":37,"column":41}},"11":{"start":{"line":39,"column":2},"end":{"line":42,"column":40}},"12":{"start":{"line":44,"column":2},"end":{"line":46,"column":43}},"13":{"start":{"line":48,"column":2},"end":{"line":50,"column":42}},"14":{"start":{"line":52,"column":2},"end":{"line":53,"column":50}},"15":{"start":{"line":55,"column":2},"end":{"line":58,"column":35}},"16":{"start":{"line":60,"column":2},"end":{"line":63,"column":34}},"17":{"start":{"line":65,"column":2},"end":{"line":67,"column":45}},"18":{"start":{"line":69,"column":2},"end":{"line":70,"column":45}},"19":{"start":{"line":72,"column":2},"end":{"line":74,"column":38}},"20":{"start":{"line":76,"column":2},"end":{"line":79,"column":40}},"21":{"start":{"line":81,"column":2},"end":{"line":83,"column":42}},"22":{"start":{"line":85,"column":2},"end":{"line":88,"column":41}}},"fnMap":{"0":{"name":"(anonymous_0)","decl":{"start":{"line":1,"column":17},"end":{"line":1,"column":18}},"loc":{"start":{"line":1,"column":26},"end":{"line":89,"column":1}},"line":1}},"branchMap":{},"s":{"0":10,"1":10,"2":10,"3":10,"4":10,"5":10,"6":10,"7":10,"8":10,"9":10,"10":10,"11":10,"12":10,"13":10,"14":10,"15":10,"16":10,"17":10,"18":10,"19":10,"20":10,"21":10,"22":10},"f":{"0":10},"b":{},"_coverageSchema":"1a1c01bbd47fc00a2c39e90264f33305004495a9","hash":"cbd8585970951672cfc62049ab467ce93ab7fd9e"}
,"/Users/ruib/TheKnife/theknife-backend/src/errors/validationError.js": {"path":"/Users/ruib/TheKnife/theknife-backend/src/errors/validationError.js","statementMap":{"0":{"start":{"line":1,"column":0},"end":{"line":4,"column":2}},"1":{"start":{"line":2,"column":2},"end":{"line":2,"column":32}},"2":{"start":{"line":3,"column":2},"end":{"line":3,"column":25}}},"fnMap":{"0":{"name":"validationError","decl":{"start":{"line":1,"column":26},"end":{"line":1,"column":41}},"loc":{"start":{"line":1,"column":51},"end":{"line":4,"column":1}},"line":1}},"branchMap":{},"s":{"0":10,"1":52,"2":52},"f":{"0":52},"b":{},"_coverageSchema":"1a1c01bbd47fc00a2c39e90264f33305004495a9","hash":"222e0f495de5615d2079a89a2f3da00498ab0710"}
,"/Users/ruib/TheKnife/theknife-backend/src/routes/auths.js": {"path":"/Users/ruib/TheKnife/theknife-backend/src/routes/auths.js","statementMap":{"0":{"start":{"line":1,"column":12},"end":{"line":1,"column":33}},"1":{"start":{"line":2,"column":15},"end":{"line":2,"column":39}},"2":{"start":{"line":4,"column":26},"end":{"line":4,"column":43}},"3":{"start":{"line":6,"column":19},"end":{"line":6,"column":35}},"4":{"start":{"line":8,"column":0},"end":{"line":57,"column":2}},"5":{"start":{"line":9,"column":28},"end":{"line":31,"column":3}},"6":{"start":{"line":10,"column":4},"end":{"line":30,"column":33}},"7":{"start":{"line":14,"column":8},"end":{"line":28,"column":9}},"8":{"start":{"line":15,"column":26},"end":{"line":23,"column":11}},"9":{"start":{"line":24,"column":24},"end":{"line":24,"column":62}},"10":{"start":{"line":25,"column":10},"end":{"line":25,"column":57}},"11":{"start":{"line":27,"column":10},"end":{"line":27,"column":68}},"12":{"start":{"line":30,"column":22},"end":{"line":30,"column":31}},"13":{"start":{"line":33,"column":21},"end":{"line":54,"column":3}},"14":{"start":{"line":34,"column":4},"end":{"line":53,"column":33}},"15":{"start":{"line":38,"column":8},"end":{"line":51,"column":9}},"16":{"start":{"line":39,"column":26},"end":{"line":46,"column":11}},"17":{"start":{"line":47,"column":28},"end":{"line":47,"column":59}},"18":{"start":{"line":48,"column":10},"end":{"line":48,"column":61}},"19":{"start":{"line":50,"column":10},"end":{"line":50,"column":67}},"20":{"start":{"line":53,"column":22},"end":{"line":53,"column":31}},"21":{"start":{"line":56,"column":2},"end":{"line":56,"column":43}}},"fnMap":{"0":{"name":"(anonymous_0)","decl":{"start":{"line":8,"column":17},"end":{"line":8,"column":18}},"loc":{"start":{"line":8,"column":26},"end":{"line":57,"column":1}},"line":8},"1":{"name":"(anonymous_1)","decl":{"start":{"line":9,"column":28},"end":{"line":9,"column":29}},"loc":{"start":{"line":9,"column":48},"end":{"line":31,"column":3}},"line":9},"2":{"name":"(anonymous_2)","decl":{"start":{"line":13,"column":12},"end":{"line":13,"column":13}},"loc":{"start":{"line":13,"column":29},"end":{"line":29,"column":7}},"line":13},"3":{"name":"(anonymous_3)","decl":{"start":{"line":30,"column":13},"end":{"line":30,"column":14}},"loc":{"start":{"line":30,"column":22},"end":{"line":30,"column":31}},"line":30},"4":{"name":"(anonymous_4)","decl":{"start":{"line":33,"column":21},"end":{"line":33,"column":22}},"loc":{"start":{"line":33,"column":41},"end":{"line":54,"column":3}},"line":33},"5":{"name":"(anonymous_5)","decl":{"start":{"line":37,"column":12},"end":{"line":37,"column":13}},"loc":{"start":{"line":37,"column":22},"end":{"line":52,"column":7}},"line":37},"6":{"name":"(anonymous_6)","decl":{"start":{"line":53,"column":13},"end":{"line":53,"column":14}},"loc":{"start":{"line":53,"column":22},"end":{"line":53,"column":31}},"line":53}},"branchMap":{"0":{"loc":{"start":{"line":14,"column":8},"end":{"line":28,"column":9}},"type":"if","locations":[{"start":{"line":14,"column":8},"end":{"line":28,"column":9}},{"start":{"line":26,"column":15},"end":{"line":28,"column":9}}],"line":14},"1":{"loc":{"start":{"line":38,"column":8},"end":{"line":51,"column":9}},"type":"if","locations":[{"start":{"line":38,"column":8},"end":{"line":51,"column":9}},{"start":{"line":49,"column":15},"end":{"line":51,"column":9}}],"line":38}},"s":{"0":10,"1":10,"2":10,"3":10,"4":10,"5":10,"6":2,"7":2,"8":1,"9":1,"10":1,"11":1,"12":0,"13":10,"14":2,"15":2,"16":1,"17":1,"18":1,"19":1,"20":0,"21":10},"f":{"0":10,"1":2,"2":2,"3":0,"4":2,"5":2,"6":0},"b":{"0":[1,1],"1":[1,1]},"_coverageSchema":"1a1c01bbd47fc00a2c39e90264f33305004495a9","hash":"f66f39ce79690f3dd6103fc4ce56bfcf71b16cc0"}
,"/Users/ruib/TheKnife/theknife-backend/src/routes/comments.js": {"path":"/Users/ruib/TheKnife/theknife-backend/src/routes/comments.js","statementMap":{"0":{"start":{"line":1,"column":0},"end":{"line":42,"column":2}},"1":{"start":{"line":2,"column":17},"end":{"line":6,"column":3}},"2":{"start":{"line":3,"column":4},"end":{"line":5,"column":33}},"3":{"start":{"line":4,"column":24},"end":{"line":4,"column":52}},"4":{"start":{"line":5,"column":22},"end":{"line":5,"column":31}},"5":{"start":{"line":8,"column":16},"end":{"line":12,"column":3}},"6":{"start":{"line":9,"column":4},"end":{"line":11,"column":33}},"7":{"start":{"line":10,"column":24},"end":{"line":10,"column":52}},"8":{"start":{"line":11,"column":22},"end":{"line":11,"column":31}},"9":{"start":{"line":14,"column":17},"end":{"line":21,"column":3}},"10":{"start":{"line":15,"column":4},"end":{"line":20,"column":9}},"11":{"start":{"line":17,"column":8},"end":{"line":17,"column":44}},"12":{"start":{"line":19,"column":8},"end":{"line":19,"column":18}},"13":{"start":{"line":23,"column":17},"end":{"line":27,"column":3}},"14":{"start":{"line":24,"column":4},"end":{"line":26,"column":33}},"15":{"start":{"line":25,"column":24},"end":{"line":25,"column":55}},"16":{"start":{"line":26,"column":22},"end":{"line":26,"column":31}},"17":{"start":{"line":29,"column":17},"end":{"line":33,"column":3}},"18":{"start":{"line":30,"column":4},"end":{"line":32,"column":33}},"19":{"start":{"line":31,"column":18},"end":{"line":31,"column":40}},"20":{"start":{"line":32,"column":22},"end":{"line":32,"column":31}},"21":{"start":{"line":35,"column":2},"end":{"line":41,"column":4}}},"fnMap":{"0":{"name":"(anonymous_0)","decl":{"start":{"line":1,"column":17},"end":{"line":1,"column":18}},"loc":{"start":{"line":1,"column":26},"end":{"line":42,"column":1}},"line":1},"1":{"name":"(anonymous_1)","decl":{"start":{"line":2,"column":17},"end":{"line":2,"column":18}},"loc":{"start":{"line":2,"column":37},"end":{"line":6,"column":3}},"line":2},"2":{"name":"(anonymous_2)","decl":{"start":{"line":4,"column":12},"end":{"line":4,"column":13}},"loc":{"start":{"line":4,"column":24},"end":{"line":4,"column":52}},"line":4},"3":{"name":"(anonymous_3)","decl":{"start":{"line":5,"column":13},"end":{"line":5,"column":14}},"loc":{"start":{"line":5,"column":22},"end":{"line":5,"column":31}},"line":5},"4":{"name":"(anonymous_4)","decl":{"start":{"line":8,"column":16},"end":{"line":8,"column":17}},"loc":{"start":{"line":8,"column":36},"end":{"line":12,"column":3}},"line":8},"5":{"name":"(anonymous_5)","decl":{"start":{"line":10,"column":12},"end":{"line":10,"column":13}},"loc":{"start":{"line":10,"column":24},"end":{"line":10,"column":52}},"line":10},"6":{"name":"(anonymous_6)","decl":{"start":{"line":11,"column":13},"end":{"line":11,"column":14}},"loc":{"start":{"line":11,"column":22},"end":{"line":11,"column":31}},"line":11},"7":{"name":"(anonymous_7)","decl":{"start":{"line":14,"column":17},"end":{"line":14,"column":18}},"loc":{"start":{"line":14,"column":37},"end":{"line":21,"column":3}},"line":14},"8":{"name":"(anonymous_8)","decl":{"start":{"line":16,"column":12},"end":{"line":16,"column":13}},"loc":{"start":{"line":16,"column":24},"end":{"line":18,"column":7}},"line":16},"9":{"name":"(anonymous_9)","decl":{"start":{"line":18,"column":15},"end":{"line":18,"column":16}},"loc":{"start":{"line":18,"column":24},"end":{"line":20,"column":7}},"line":18},"10":{"name":"(anonymous_10)","decl":{"start":{"line":23,"column":17},"end":{"line":23,"column":18}},"loc":{"start":{"line":23,"column":37},"end":{"line":27,"column":3}},"line":23},"11":{"name":"(anonymous_11)","decl":{"start":{"line":25,"column":12},"end":{"line":25,"column":13}},"loc":{"start":{"line":25,"column":24},"end":{"line":25,"column":55}},"line":25},"12":{"name":"(anonymous_12)","decl":{"start":{"line":26,"column":13},"end":{"line":26,"column":14}},"loc":{"start":{"line":26,"column":22},"end":{"line":26,"column":31}},"line":26},"13":{"name":"(anonymous_13)","decl":{"start":{"line":29,"column":17},"end":{"line":29,"column":18}},"loc":{"start":{"line":29,"column":37},"end":{"line":33,"column":3}},"line":29},"14":{"name":"(anonymous_14)","decl":{"start":{"line":31,"column":12},"end":{"line":31,"column":13}},"loc":{"start":{"line":31,"column":18},"end":{"line":31,"column":40}},"line":31},"15":{"name":"(anonymous_15)","decl":{"start":{"line":32,"column":13},"end":{"line":32,"column":14}},"loc":{"start":{"line":32,"column":22},"end":{"line":32,"column":31}},"line":32}},"branchMap":{},"s":{"0":10,"1":10,"2":1,"3":1,"4":0,"5":10,"6":1,"7":1,"8":0,"9":10,"10":5,"11":1,"12":0,"13":10,"14":1,"15":1,"16":0,"17":10,"18":1,"19":1,"20":0,"21":10},"f":{"0":10,"1":1,"2":1,"3":0,"4":1,"5":1,"6":0,"7":5,"8":1,"9":0,"10":1,"11":1,"12":0,"13":1,"14":1,"15":0},"b":{},"_coverageSchema":"1a1c01bbd47fc00a2c39e90264f33305004495a9","hash":"380e5624abbe7030e4928de2579d4ea0148d4303"}
,"/Users/ruib/TheKnife/theknife-backend/src/routes/contacts.js": {"path":"/Users/ruib/TheKnife/theknife-backend/src/routes/contacts.js","statementMap":{"0":{"start":{"line":1,"column":0},"end":{"line":29,"column":2}},"1":{"start":{"line":2,"column":24},"end":{"line":9,"column":3}},"2":{"start":{"line":3,"column":4},"end":{"line":8,"column":9}},"3":{"start":{"line":5,"column":8},"end":{"line":5,"column":44}},"4":{"start":{"line":7,"column":8},"end":{"line":7,"column":18}},"5":{"start":{"line":11,"column":25},"end":{"line":15,"column":3}},"6":{"start":{"line":12,"column":4},"end":{"line":14,"column":33}},"7":{"start":{"line":13,"column":24},"end":{"line":13,"column":52}},"8":{"start":{"line":14,"column":22},"end":{"line":14,"column":31}},"9":{"start":{"line":17,"column":25},"end":{"line":22,"column":3}},"10":{"start":{"line":18,"column":19},"end":{"line":18,"column":29}},"11":{"start":{"line":19,"column":4},"end":{"line":21,"column":33}},"12":{"start":{"line":20,"column":24},"end":{"line":20,"column":52}},"13":{"start":{"line":21,"column":22},"end":{"line":21,"column":31}},"14":{"start":{"line":24,"column":2},"end":{"line":28,"column":4}}},"fnMap":{"0":{"name":"(anonymous_0)","decl":{"start":{"line":1,"column":17},"end":{"line":1,"column":18}},"loc":{"start":{"line":1,"column":26},"end":{"line":29,"column":1}},"line":1},"1":{"name":"(anonymous_1)","decl":{"start":{"line":2,"column":24},"end":{"line":2,"column":25}},"loc":{"start":{"line":2,"column":44},"end":{"line":9,"column":3}},"line":2},"2":{"name":"(anonymous_2)","decl":{"start":{"line":4,"column":12},"end":{"line":4,"column":13}},"loc":{"start":{"line":4,"column":24},"end":{"line":6,"column":7}},"line":4},"3":{"name":"(anonymous_3)","decl":{"start":{"line":6,"column":15},"end":{"line":6,"column":16}},"loc":{"start":{"line":6,"column":24},"end":{"line":8,"column":7}},"line":6},"4":{"name":"(anonymous_4)","decl":{"start":{"line":11,"column":25},"end":{"line":11,"column":26}},"loc":{"start":{"line":11,"column":45},"end":{"line":15,"column":3}},"line":11},"5":{"name":"(anonymous_5)","decl":{"start":{"line":13,"column":12},"end":{"line":13,"column":13}},"loc":{"start":{"line":13,"column":24},"end":{"line":13,"column":52}},"line":13},"6":{"name":"(anonymous_6)","decl":{"start":{"line":14,"column":13},"end":{"line":14,"column":14}},"loc":{"start":{"line":14,"column":22},"end":{"line":14,"column":31}},"line":14},"7":{"name":"(anonymous_7)","decl":{"start":{"line":17,"column":25},"end":{"line":17,"column":26}},"loc":{"start":{"line":17,"column":45},"end":{"line":22,"column":3}},"line":17},"8":{"name":"(anonymous_8)","decl":{"start":{"line":20,"column":12},"end":{"line":20,"column":13}},"loc":{"start":{"line":20,"column":24},"end":{"line":20,"column":52}},"line":20},"9":{"name":"(anonymous_9)","decl":{"start":{"line":21,"column":13},"end":{"line":21,"column":14}},"loc":{"start":{"line":21,"column":22},"end":{"line":21,"column":31}},"line":21}},"branchMap":{},"s":{"0":10,"1":10,"2":6,"3":1,"4":5,"5":10,"6":1,"7":1,"8":0,"9":10,"10":1,"11":1,"12":1,"13":0,"14":10},"f":{"0":10,"1":6,"2":1,"3":5,"4":1,"5":1,"6":0,"7":1,"8":1,"9":0},"b":{},"_coverageSchema":"1a1c01bbd47fc00a2c39e90264f33305004495a9","hash":"9b591e8284cf4c2f7efaf169ea655ea7bf36c1a4"}
,"/Users/ruib/TheKnife/theknife-backend/src/routes/registerusers.js": {"path":"/Users/ruib/TheKnife/theknife-backend/src/routes/registerusers.js","statementMap":{"0":{"start":{"line":1,"column":15},"end":{"line":1,"column":39}},"1":{"start":{"line":3,"column":0},"end":{"line":55,"column":2}},"2":{"start":{"line":4,"column":17},"end":{"line":8,"column":3}},"3":{"start":{"line":5,"column":4},"end":{"line":7,"column":33}},"4":{"start":{"line":6,"column":24},"end":{"line":6,"column":52}},"5":{"start":{"line":7,"column":22},"end":{"line":7,"column":31}},"6":{"start":{"line":10,"column":16},"end":{"line":16,"column":3}},"7":{"start":{"line":11,"column":4},"end":{"line":15,"column":33}},"8":{"start":{"line":14,"column":24},"end":{"line":14,"column":52}},"9":{"start":{"line":15,"column":22},"end":{"line":15,"column":31}},"10":{"start":{"line":18,"column":17},"end":{"line":25,"column":3}},"11":{"start":{"line":19,"column":4},"end":{"line":24,"column":9}},"12":{"start":{"line":21,"column":8},"end":{"line":21,"column":47}},"13":{"start":{"line":23,"column":8},"end":{"line":23,"column":18}},"14":{"start":{"line":27,"column":25},"end":{"line":38,"column":3}},"15":{"start":{"line":28,"column":48},"end":{"line":28,"column":56}},"16":{"start":{"line":30,"column":19},"end":{"line":34,"column":5}},"17":{"start":{"line":36,"column":4},"end":{"line":36,"column":58}},"18":{"start":{"line":36,"column":22},"end":{"line":36,"column":58}},"19":{"start":{"line":37,"column":4},"end":{"line":37,"column":86}},"20":{"start":{"line":40,"column":17},"end":{"line":46,"column":3}},"21":{"start":{"line":41,"column":4},"end":{"line":45,"column":9}},"22":{"start":{"line":42,"column":24},"end":{"line":42,"column":55}},"23":{"start":{"line":44,"column":8},"end":{"line":44,"column":18}},"24":{"start":{"line":48,"column":2},"end":{"line":54,"column":4}}},"fnMap":{"0":{"name":"(anonymous_0)","decl":{"start":{"line":3,"column":17},"end":{"line":3,"column":18}},"loc":{"start":{"line":3,"column":26},"end":{"line":55,"column":1}},"line":3},"1":{"name":"(anonymous_1)","decl":{"start":{"line":4,"column":17},"end":{"line":4,"column":18}},"loc":{"start":{"line":4,"column":37},"end":{"line":8,"column":3}},"line":4},"2":{"name":"(anonymous_2)","decl":{"start":{"line":6,"column":12},"end":{"line":6,"column":13}},"loc":{"start":{"line":6,"column":24},"end":{"line":6,"column":52}},"line":6},"3":{"name":"(anonymous_3)","decl":{"start":{"line":7,"column":13},"end":{"line":7,"column":14}},"loc":{"start":{"line":7,"column":22},"end":{"line":7,"column":31}},"line":7},"4":{"name":"(anonymous_4)","decl":{"start":{"line":10,"column":16},"end":{"line":10,"column":17}},"loc":{"start":{"line":10,"column":36},"end":{"line":16,"column":3}},"line":10},"5":{"name":"(anonymous_5)","decl":{"start":{"line":14,"column":12},"end":{"line":14,"column":13}},"loc":{"start":{"line":14,"column":24},"end":{"line":14,"column":52}},"line":14},"6":{"name":"(anonymous_6)","decl":{"start":{"line":15,"column":13},"end":{"line":15,"column":14}},"loc":{"start":{"line":15,"column":22},"end":{"line":15,"column":31}},"line":15},"7":{"name":"(anonymous_7)","decl":{"start":{"line":18,"column":17},"end":{"line":18,"column":18}},"loc":{"start":{"line":18,"column":37},"end":{"line":25,"column":3}},"line":18},"8":{"name":"(anonymous_8)","decl":{"start":{"line":20,"column":12},"end":{"line":20,"column":13}},"loc":{"start":{"line":20,"column":24},"end":{"line":22,"column":7}},"line":20},"9":{"name":"(anonymous_9)","decl":{"start":{"line":22,"column":15},"end":{"line":22,"column":16}},"loc":{"start":{"line":22,"column":24},"end":{"line":24,"column":7}},"line":22},"10":{"name":"(anonymous_10)","decl":{"start":{"line":27,"column":25},"end":{"line":27,"column":26}},"loc":{"start":{"line":27,"column":45},"end":{"line":38,"column":3}},"line":27},"11":{"name":"(anonymous_11)","decl":{"start":{"line":40,"column":17},"end":{"line":40,"column":18}},"loc":{"start":{"line":40,"column":37},"end":{"line":46,"column":3}},"line":40},"12":{"name":"(anonymous_12)","decl":{"start":{"line":42,"column":12},"end":{"line":42,"column":13}},"loc":{"start":{"line":42,"column":24},"end":{"line":42,"column":55}},"line":42},"13":{"name":"(anonymous_13)","decl":{"start":{"line":43,"column":13},"end":{"line":43,"column":14}},"loc":{"start":{"line":43,"column":22},"end":{"line":45,"column":7}},"line":43}},"branchMap":{"0":{"loc":{"start":{"line":36,"column":4},"end":{"line":36,"column":58}},"type":"if","locations":[{"start":{"line":36,"column":4},"end":{"line":36,"column":58}},{"start":{},"end":{}}],"line":36}},"s":{"0":10,"1":10,"2":10,"3":1,"4":1,"5":0,"6":10,"7":1,"8":1,"9":0,"10":10,"11":7,"12":4,"13":3,"14":10,"15":2,"16":2,"17":2,"18":1,"19":1,"20":10,"21":1,"22":1,"23":0,"24":10},"f":{"0":10,"1":1,"2":1,"3":0,"4":1,"5":1,"6":0,"7":7,"8":4,"9":3,"10":2,"11":1,"12":1,"13":0},"b":{"0":[1,1]},"_coverageSchema":"1a1c01bbd47fc00a2c39e90264f33305004495a9","hash":"f06834836759130809ab4fc1409be0884641f776"}
,"/Users/ruib/TheKnife/theknife-backend/src/routes/reservations.js": {"path":"/Users/ruib/TheKnife/theknife-backend/src/routes/reservations.js","statementMap":{"0":{"start":{"line":1,"column":0},"end":{"line":42,"column":2}},"1":{"start":{"line":2,"column":17},"end":{"line":6,"column":3}},"2":{"start":{"line":3,"column":4},"end":{"line":5,"column":33}},"3":{"start":{"line":4,"column":24},"end":{"line":4,"column":52}},"4":{"start":{"line":5,"column":22},"end":{"line":5,"column":31}},"5":{"start":{"line":8,"column":16},"end":{"line":12,"column":3}},"6":{"start":{"line":9,"column":4},"end":{"line":11,"column":33}},"7":{"start":{"line":10,"column":24},"end":{"line":10,"column":52}},"8":{"start":{"line":11,"column":22},"end":{"line":11,"column":31}},"9":{"start":{"line":14,"column":17},"end":{"line":21,"column":3}},"10":{"start":{"line":15,"column":4},"end":{"line":20,"column":9}},"11":{"start":{"line":17,"column":8},"end":{"line":17,"column":44}},"12":{"start":{"line":19,"column":8},"end":{"line":19,"column":18}},"13":{"start":{"line":23,"column":17},"end":{"line":27,"column":3}},"14":{"start":{"line":24,"column":4},"end":{"line":26,"column":33}},"15":{"start":{"line":25,"column":24},"end":{"line":25,"column":55}},"16":{"start":{"line":26,"column":22},"end":{"line":26,"column":31}},"17":{"start":{"line":29,"column":17},"end":{"line":33,"column":3}},"18":{"start":{"line":30,"column":4},"end":{"line":32,"column":33}},"19":{"start":{"line":31,"column":18},"end":{"line":31,"column":40}},"20":{"start":{"line":32,"column":22},"end":{"line":32,"column":31}},"21":{"start":{"line":35,"column":2},"end":{"line":41,"column":4}}},"fnMap":{"0":{"name":"(anonymous_0)","decl":{"start":{"line":1,"column":17},"end":{"line":1,"column":18}},"loc":{"start":{"line":1,"column":26},"end":{"line":42,"column":1}},"line":1},"1":{"name":"(anonymous_1)","decl":{"start":{"line":2,"column":17},"end":{"line":2,"column":18}},"loc":{"start":{"line":2,"column":37},"end":{"line":6,"column":3}},"line":2},"2":{"name":"(anonymous_2)","decl":{"start":{"line":4,"column":12},"end":{"line":4,"column":13}},"loc":{"start":{"line":4,"column":24},"end":{"line":4,"column":52}},"line":4},"3":{"name":"(anonymous_3)","decl":{"start":{"line":5,"column":13},"end":{"line":5,"column":14}},"loc":{"start":{"line":5,"column":22},"end":{"line":5,"column":31}},"line":5},"4":{"name":"(anonymous_4)","decl":{"start":{"line":8,"column":16},"end":{"line":8,"column":17}},"loc":{"start":{"line":8,"column":36},"end":{"line":12,"column":3}},"line":8},"5":{"name":"(anonymous_5)","decl":{"start":{"line":10,"column":12},"end":{"line":10,"column":13}},"loc":{"start":{"line":10,"column":24},"end":{"line":10,"column":52}},"line":10},"6":{"name":"(anonymous_6)","decl":{"start":{"line":11,"column":13},"end":{"line":11,"column":14}},"loc":{"start":{"line":11,"column":22},"end":{"line":11,"column":31}},"line":11},"7":{"name":"(anonymous_7)","decl":{"start":{"line":14,"column":17},"end":{"line":14,"column":18}},"loc":{"start":{"line":14,"column":37},"end":{"line":21,"column":3}},"line":14},"8":{"name":"(anonymous_8)","decl":{"start":{"line":16,"column":12},"end":{"line":16,"column":13}},"loc":{"start":{"line":16,"column":24},"end":{"line":18,"column":7}},"line":16},"9":{"name":"(anonymous_9)","decl":{"start":{"line":18,"column":15},"end":{"line":18,"column":16}},"loc":{"start":{"line":18,"column":24},"end":{"line":20,"column":7}},"line":18},"10":{"name":"(anonymous_10)","decl":{"start":{"line":23,"column":17},"end":{"line":23,"column":18}},"loc":{"start":{"line":23,"column":43},"end":{"line":27,"column":3}},"line":23},"11":{"name":"(anonymous_11)","decl":{"start":{"line":25,"column":12},"end":{"line":25,"column":13}},"loc":{"start":{"line":25,"column":24},"end":{"line":25,"column":55}},"line":25},"12":{"name":"(anonymous_12)","decl":{"start":{"line":26,"column":13},"end":{"line":26,"column":14}},"loc":{"start":{"line":26,"column":22},"end":{"line":26,"column":31}},"line":26},"13":{"name":"(anonymous_13)","decl":{"start":{"line":29,"column":17},"end":{"line":29,"column":18}},"loc":{"start":{"line":29,"column":37},"end":{"line":33,"column":3}},"line":29},"14":{"name":"(anonymous_14)","decl":{"start":{"line":31,"column":12},"end":{"line":31,"column":13}},"loc":{"start":{"line":31,"column":18},"end":{"line":31,"column":40}},"line":31},"15":{"name":"(anonymous_15)","decl":{"start":{"line":32,"column":13},"end":{"line":32,"column":14}},"loc":{"start":{"line":32,"column":22},"end":{"line":32,"column":31}},"line":32}},"branchMap":{},"s":{"0":10,"1":10,"2":1,"3":1,"4":0,"5":10,"6":1,"7":1,"8":0,"9":10,"10":6,"11":1,"12":0,"13":10,"14":1,"15":1,"16":0,"17":10,"18":1,"19":1,"20":0,"21":10},"f":{"0":10,"1":1,"2":1,"3":0,"4":1,"5":1,"6":0,"7":6,"8":1,"9":0,"10":1,"11":1,"12":0,"13":1,"14":1,"15":0},"b":{},"_coverageSchema":"1a1c01bbd47fc00a2c39e90264f33305004495a9","hash":"c2c517dc8040f924c01022d015f4d7fe1a69e118"}
,"/Users/ruib/TheKnife/theknife-backend/src/routes/restaurantregistrations.js": {"path":"/Users/ruib/TheKnife/theknife-backend/src/routes/restaurantregistrations.js","statementMap":{"0":{"start":{"line":1,"column":0},"end":{"line":51,"column":2}},"1":{"start":{"line":2,"column":17},"end":{"line":6,"column":3}},"2":{"start":{"line":3,"column":4},"end":{"line":5,"column":33}},"3":{"start":{"line":4,"column":24},"end":{"line":4,"column":52}},"4":{"start":{"line":5,"column":22},"end":{"line":5,"column":31}},"5":{"start":{"line":8,"column":16},"end":{"line":14,"column":3}},"6":{"start":{"line":9,"column":4},"end":{"line":13,"column":33}},"7":{"start":{"line":12,"column":24},"end":{"line":12,"column":52}},"8":{"start":{"line":13,"column":22},"end":{"line":13,"column":31}},"9":{"start":{"line":16,"column":17},"end":{"line":23,"column":3}},"10":{"start":{"line":17,"column":4},"end":{"line":22,"column":9}},"11":{"start":{"line":19,"column":8},"end":{"line":19,"column":47}},"12":{"start":{"line":21,"column":8},"end":{"line":21,"column":18}},"13":{"start":{"line":25,"column":25},"end":{"line":36,"column":3}},"14":{"start":{"line":26,"column":48},"end":{"line":26,"column":56}},"15":{"start":{"line":28,"column":19},"end":{"line":32,"column":5}},"16":{"start":{"line":34,"column":4},"end":{"line":34,"column":58}},"17":{"start":{"line":34,"column":22},"end":{"line":34,"column":58}},"18":{"start":{"line":35,"column":4},"end":{"line":35,"column":86}},"19":{"start":{"line":38,"column":17},"end":{"line":42,"column":3}},"20":{"start":{"line":39,"column":4},"end":{"line":41,"column":33}},"21":{"start":{"line":40,"column":24},"end":{"line":40,"column":55}},"22":{"start":{"line":41,"column":22},"end":{"line":41,"column":31}},"23":{"start":{"line":44,"column":2},"end":{"line":50,"column":4}}},"fnMap":{"0":{"name":"(anonymous_0)","decl":{"start":{"line":1,"column":17},"end":{"line":1,"column":18}},"loc":{"start":{"line":1,"column":26},"end":{"line":51,"column":1}},"line":1},"1":{"name":"(anonymous_1)","decl":{"start":{"line":2,"column":17},"end":{"line":2,"column":18}},"loc":{"start":{"line":2,"column":37},"end":{"line":6,"column":3}},"line":2},"2":{"name":"(anonymous_2)","decl":{"start":{"line":4,"column":12},"end":{"line":4,"column":13}},"loc":{"start":{"line":4,"column":24},"end":{"line":4,"column":52}},"line":4},"3":{"name":"(anonymous_3)","decl":{"start":{"line":5,"column":13},"end":{"line":5,"column":14}},"loc":{"start":{"line":5,"column":22},"end":{"line":5,"column":31}},"line":5},"4":{"name":"(anonymous_4)","decl":{"start":{"line":8,"column":16},"end":{"line":8,"column":17}},"loc":{"start":{"line":8,"column":36},"end":{"line":14,"column":3}},"line":8},"5":{"name":"(anonymous_5)","decl":{"start":{"line":12,"column":12},"end":{"line":12,"column":13}},"loc":{"start":{"line":12,"column":24},"end":{"line":12,"column":52}},"line":12},"6":{"name":"(anonymous_6)","decl":{"start":{"line":13,"column":13},"end":{"line":13,"column":14}},"loc":{"start":{"line":13,"column":22},"end":{"line":13,"column":31}},"line":13},"7":{"name":"(anonymous_7)","decl":{"start":{"line":16,"column":17},"end":{"line":16,"column":18}},"loc":{"start":{"line":16,"column":37},"end":{"line":23,"column":3}},"line":16},"8":{"name":"(anonymous_8)","decl":{"start":{"line":18,"column":12},"end":{"line":18,"column":13}},"loc":{"start":{"line":18,"column":24},"end":{"line":20,"column":7}},"line":18},"9":{"name":"(anonymous_9)","decl":{"start":{"line":20,"column":15},"end":{"line":20,"column":16}},"loc":{"start":{"line":20,"column":24},"end":{"line":22,"column":7}},"line":20},"10":{"name":"(anonymous_10)","decl":{"start":{"line":25,"column":25},"end":{"line":25,"column":26}},"loc":{"start":{"line":25,"column":45},"end":{"line":36,"column":3}},"line":25},"11":{"name":"(anonymous_11)","decl":{"start":{"line":38,"column":17},"end":{"line":38,"column":18}},"loc":{"start":{"line":38,"column":37},"end":{"line":42,"column":3}},"line":38},"12":{"name":"(anonymous_12)","decl":{"start":{"line":40,"column":12},"end":{"line":40,"column":13}},"loc":{"start":{"line":40,"column":24},"end":{"line":40,"column":55}},"line":40},"13":{"name":"(anonymous_13)","decl":{"start":{"line":41,"column":13},"end":{"line":41,"column":14}},"loc":{"start":{"line":41,"column":22},"end":{"line":41,"column":31}},"line":41}},"branchMap":{"0":{"loc":{"start":{"line":34,"column":4},"end":{"line":34,"column":58}},"type":"if","locations":[{"start":{"line":34,"column":4},"end":{"line":34,"column":58}},{"start":{},"end":{}}],"line":34}},"s":{"0":10,"1":10,"2":1,"3":1,"4":0,"5":10,"6":1,"7":1,"8":0,"9":10,"10":20,"11":4,"12":16,"13":10,"14":2,"15":2,"16":2,"17":1,"18":1,"19":10,"20":1,"21":1,"22":0,"23":10},"f":{"0":10,"1":1,"2":1,"3":0,"4":1,"5":1,"6":0,"7":20,"8":4,"9":16,"10":2,"11":1,"12":1,"13":0},"b":{"0":[1,1]},"_coverageSchema":"1a1c01bbd47fc00a2c39e90264f33305004495a9","hash":"a34db9cd65fbac9925ed06c05100e252f0fa712d"}
,"/Users/ruib/TheKnife/theknife-backend/src/routes/restaurantresponsibles.js": {"path":"/Users/ruib/TheKnife/theknife-backend/src/routes/restaurantresponsibles.js","statementMap":{"0":{"start":{"line":1,"column":0},"end":{"line":35,"column":2}},"1":{"start":{"line":2,"column":17},"end":{"line":6,"column":3}},"2":{"start":{"line":3,"column":4},"end":{"line":5,"column":33}},"3":{"start":{"line":4,"column":24},"end":{"line":4,"column":52}},"4":{"start":{"line":5,"column":22},"end":{"line":5,"column":31}},"5":{"start":{"line":8,"column":16},"end":{"line":12,"column":3}},"6":{"start":{"line":9,"column":4},"end":{"line":11,"column":33}},"7":{"start":{"line":10,"column":24},"end":{"line":10,"column":52}},"8":{"start":{"line":11,"column":22},"end":{"line":11,"column":31}},"9":{"start":{"line":14,"column":17},"end":{"line":21,"column":3}},"10":{"start":{"line":15,"column":4},"end":{"line":20,"column":9}},"11":{"start":{"line":17,"column":8},"end":{"line":17,"column":44}},"12":{"start":{"line":19,"column":8},"end":{"line":19,"column":18}},"13":{"start":{"line":23,"column":17},"end":{"line":27,"column":3}},"14":{"start":{"line":24,"column":4},"end":{"line":26,"column":33}},"15":{"start":{"line":25,"column":24},"end":{"line":25,"column":55}},"16":{"start":{"line":26,"column":22},"end":{"line":26,"column":31}},"17":{"start":{"line":29,"column":2},"end":{"line":34,"column":4}}},"fnMap":{"0":{"name":"(anonymous_0)","decl":{"start":{"line":1,"column":17},"end":{"line":1,"column":18}},"loc":{"start":{"line":1,"column":26},"end":{"line":35,"column":1}},"line":1},"1":{"name":"(anonymous_1)","decl":{"start":{"line":2,"column":17},"end":{"line":2,"column":18}},"loc":{"start":{"line":2,"column":37},"end":{"line":6,"column":3}},"line":2},"2":{"name":"(anonymous_2)","decl":{"start":{"line":4,"column":12},"end":{"line":4,"column":13}},"loc":{"start":{"line":4,"column":24},"end":{"line":4,"column":52}},"line":4},"3":{"name":"(anonymous_3)","decl":{"start":{"line":5,"column":13},"end":{"line":5,"column":14}},"loc":{"start":{"line":5,"column":22},"end":{"line":5,"column":31}},"line":5},"4":{"name":"(anonymous_4)","decl":{"start":{"line":8,"column":16},"end":{"line":8,"column":17}},"loc":{"start":{"line":8,"column":36},"end":{"line":12,"column":3}},"line":8},"5":{"name":"(anonymous_5)","decl":{"start":{"line":10,"column":12},"end":{"line":10,"column":13}},"loc":{"start":{"line":10,"column":24},"end":{"line":10,"column":52}},"line":10},"6":{"name":"(anonymous_6)","decl":{"start":{"line":11,"column":13},"end":{"line":11,"column":14}},"loc":{"start":{"line":11,"column":22},"end":{"line":11,"column":31}},"line":11},"7":{"name":"(anonymous_7)","decl":{"start":{"line":14,"column":17},"end":{"line":14,"column":18}},"loc":{"start":{"line":14,"column":37},"end":{"line":21,"column":3}},"line":14},"8":{"name":"(anonymous_8)","decl":{"start":{"line":16,"column":12},"end":{"line":16,"column":13}},"loc":{"start":{"line":16,"column":24},"end":{"line":18,"column":7}},"line":16},"9":{"name":"(anonymous_9)","decl":{"start":{"line":18,"column":15},"end":{"line":18,"column":16}},"loc":{"start":{"line":18,"column":24},"end":{"line":20,"column":7}},"line":18},"10":{"name":"(anonymous_10)","decl":{"start":{"line":23,"column":17},"end":{"line":23,"column":18}},"loc":{"start":{"line":23,"column":37},"end":{"line":27,"column":3}},"line":23},"11":{"name":"(anonymous_11)","decl":{"start":{"line":25,"column":12},"end":{"line":25,"column":13}},"loc":{"start":{"line":25,"column":24},"end":{"line":25,"column":55}},"line":25},"12":{"name":"(anonymous_12)","decl":{"start":{"line":26,"column":13},"end":{"line":26,"column":14}},"loc":{"start":{"line":26,"column":22},"end":{"line":26,"column":31}},"line":26}},"branchMap":{},"s":{"0":10,"1":10,"2":1,"3":1,"4":0,"5":10,"6":1,"7":1,"8":0,"9":10,"10":6,"11":2,"12":4,"13":10,"14":1,"15":1,"16":0,"17":10},"f":{"0":10,"1":1,"2":1,"3":0,"4":1,"5":1,"6":0,"7":6,"8":2,"9":4,"10":1,"11":1,"12":0},"b":{},"_coverageSchema":"1a1c01bbd47fc00a2c39e90264f33305004495a9","hash":"6ae242c35dbfc684a30531961859976ccbf11979"}
,"/Users/ruib/TheKnife/theknife-backend/src/routes/restaurants.js": {"path":"/Users/ruib/TheKnife/theknife-backend/src/routes/restaurants.js","statementMap":{"0":{"start":{"line":1,"column":0},"end":{"line":35,"column":2}},"1":{"start":{"line":2,"column":17},"end":{"line":6,"column":3}},"2":{"start":{"line":3,"column":4},"end":{"line":5,"column":33}},"3":{"start":{"line":4,"column":24},"end":{"line":4,"column":52}},"4":{"start":{"line":5,"column":22},"end":{"line":5,"column":31}},"5":{"start":{"line":8,"column":16},"end":{"line":12,"column":3}},"6":{"start":{"line":9,"column":4},"end":{"line":11,"column":33}},"7":{"start":{"line":10,"column":24},"end":{"line":10,"column":52}},"8":{"start":{"line":11,"column":22},"end":{"line":11,"column":31}},"9":{"start":{"line":14,"column":17},"end":{"line":21,"column":3}},"10":{"start":{"line":15,"column":4},"end":{"line":20,"column":9}},"11":{"start":{"line":17,"column":8},"end":{"line":17,"column":44}},"12":{"start":{"line":19,"column":8},"end":{"line":19,"column":18}},"13":{"start":{"line":23,"column":17},"end":{"line":27,"column":3}},"14":{"start":{"line":24,"column":4},"end":{"line":26,"column":33}},"15":{"start":{"line":25,"column":24},"end":{"line":25,"column":55}},"16":{"start":{"line":26,"column":22},"end":{"line":26,"column":31}},"17":{"start":{"line":29,"column":2},"end":{"line":34,"column":4}}},"fnMap":{"0":{"name":"(anonymous_0)","decl":{"start":{"line":1,"column":17},"end":{"line":1,"column":18}},"loc":{"start":{"line":1,"column":26},"end":{"line":35,"column":1}},"line":1},"1":{"name":"(anonymous_1)","decl":{"start":{"line":2,"column":17},"end":{"line":2,"column":18}},"loc":{"start":{"line":2,"column":37},"end":{"line":6,"column":3}},"line":2},"2":{"name":"(anonymous_2)","decl":{"start":{"line":4,"column":12},"end":{"line":4,"column":13}},"loc":{"start":{"line":4,"column":24},"end":{"line":4,"column":52}},"line":4},"3":{"name":"(anonymous_3)","decl":{"start":{"line":5,"column":13},"end":{"line":5,"column":14}},"loc":{"start":{"line":5,"column":22},"end":{"line":5,"column":31}},"line":5},"4":{"name":"(anonymous_4)","decl":{"start":{"line":8,"column":16},"end":{"line":8,"column":17}},"loc":{"start":{"line":8,"column":36},"end":{"line":12,"column":3}},"line":8},"5":{"name":"(anonymous_5)","decl":{"start":{"line":10,"column":12},"end":{"line":10,"column":13}},"loc":{"start":{"line":10,"column":24},"end":{"line":10,"column":52}},"line":10},"6":{"name":"(anonymous_6)","decl":{"start":{"line":11,"column":13},"end":{"line":11,"column":14}},"loc":{"start":{"line":11,"column":22},"end":{"line":11,"column":31}},"line":11},"7":{"name":"(anonymous_7)","decl":{"start":{"line":14,"column":17},"end":{"line":14,"column":18}},"loc":{"start":{"line":14,"column":37},"end":{"line":21,"column":3}},"line":14},"8":{"name":"(anonymous_8)","decl":{"start":{"line":16,"column":12},"end":{"line":16,"column":13}},"loc":{"start":{"line":16,"column":24},"end":{"line":18,"column":7}},"line":16},"9":{"name":"(anonymous_9)","decl":{"start":{"line":18,"column":15},"end":{"line":18,"column":16}},"loc":{"start":{"line":18,"column":24},"end":{"line":20,"column":7}},"line":18},"10":{"name":"(anonymous_10)","decl":{"start":{"line":23,"column":17},"end":{"line":23,"column":18}},"loc":{"start":{"line":23,"column":37},"end":{"line":27,"column":3}},"line":23},"11":{"name":"(anonymous_11)","decl":{"start":{"line":25,"column":12},"end":{"line":25,"column":13}},"loc":{"start":{"line":25,"column":24},"end":{"line":25,"column":55}},"line":25},"12":{"name":"(anonymous_12)","decl":{"start":{"line":26,"column":13},"end":{"line":26,"column":14}},"loc":{"start":{"line":26,"column":22},"end":{"line":26,"column":31}},"line":26}},"branchMap":{},"s":{"0":10,"1":10,"2":1,"3":1,"4":0,"5":10,"6":1,"7":1,"8":0,"9":10,"10":13,"11":1,"12":12,"13":10,"14":1,"15":1,"16":0,"17":10},"f":{"0":10,"1":1,"2":1,"3":0,"4":1,"5":1,"6":0,"7":13,"8":1,"9":12,"10":1,"11":1,"12":0},"b":{},"_coverageSchema":"1a1c01bbd47fc00a2c39e90264f33305004495a9","hash":"ecacb96980217544dfe7e290ff6d6ebe6fbf0f61"}
,"/Users/ruib/TheKnife/theknife-backend/src/routes/users.js": {"path":"/Users/ruib/TheKnife/theknife-backend/src/routes/users.js","statementMap":{"0":{"start":{"line":1,"column":0},"end":{"line":37,"column":2}},"1":{"start":{"line":2,"column":17},"end":{"line":6,"column":3}},"2":{"start":{"line":3,"column":4},"end":{"line":5,"column":33}},"3":{"start":{"line":4,"column":24},"end":{"line":4,"column":52}},"4":{"start":{"line":5,"column":22},"end":{"line":5,"column":31}},"5":{"start":{"line":8,"column":16},"end":{"line":14,"column":3}},"6":{"start":{"line":9,"column":4},"end":{"line":13,"column":33}},"7":{"start":{"line":12,"column":24},"end":{"line":12,"column":52}},"8":{"start":{"line":13,"column":22},"end":{"line":13,"column":31}},"9":{"start":{"line":16,"column":17},"end":{"line":23,"column":3}},"10":{"start":{"line":17,"column":4},"end":{"line":22,"column":9}},"11":{"start":{"line":19,"column":8},"end":{"line":19,"column":44}},"12":{"start":{"line":21,"column":8},"end":{"line":21,"column":18}},"13":{"start":{"line":25,"column":17},"end":{"line":29,"column":3}},"14":{"start":{"line":26,"column":4},"end":{"line":28,"column":33}},"15":{"start":{"line":27,"column":24},"end":{"line":27,"column":55}},"16":{"start":{"line":28,"column":22},"end":{"line":28,"column":31}},"17":{"start":{"line":31,"column":2},"end":{"line":36,"column":4}}},"fnMap":{"0":{"name":"(anonymous_0)","decl":{"start":{"line":1,"column":17},"end":{"line":1,"column":18}},"loc":{"start":{"line":1,"column":26},"end":{"line":37,"column":1}},"line":1},"1":{"name":"(anonymous_1)","decl":{"start":{"line":2,"column":17},"end":{"line":2,"column":18}},"loc":{"start":{"line":2,"column":37},"end":{"line":6,"column":3}},"line":2},"2":{"name":"(anonymous_2)","decl":{"start":{"line":4,"column":12},"end":{"line":4,"column":13}},"loc":{"start":{"line":4,"column":24},"end":{"line":4,"column":52}},"line":4},"3":{"name":"(anonymous_3)","decl":{"start":{"line":5,"column":13},"end":{"line":5,"column":14}},"loc":{"start":{"line":5,"column":22},"end":{"line":5,"column":31}},"line":5},"4":{"name":"(anonymous_4)","decl":{"start":{"line":8,"column":16},"end":{"line":8,"column":17}},"loc":{"start":{"line":8,"column":36},"end":{"line":14,"column":3}},"line":8},"5":{"name":"(anonymous_5)","decl":{"start":{"line":12,"column":12},"end":{"line":12,"column":13}},"loc":{"start":{"line":12,"column":24},"end":{"line":12,"column":52}},"line":12},"6":{"name":"(anonymous_6)","decl":{"start":{"line":13,"column":13},"end":{"line":13,"column":14}},"loc":{"start":{"line":13,"column":22},"end":{"line":13,"column":31}},"line":13},"7":{"name":"(anonymous_7)","decl":{"start":{"line":16,"column":17},"end":{"line":16,"column":18}},"loc":{"start":{"line":16,"column":37},"end":{"line":23,"column":3}},"line":16},"8":{"name":"(anonymous_8)","decl":{"start":{"line":18,"column":12},"end":{"line":18,"column":13}},"loc":{"start":{"line":18,"column":24},"end":{"line":20,"column":7}},"line":18},"9":{"name":"(anonymous_9)","decl":{"start":{"line":20,"column":15},"end":{"line":20,"column":16}},"loc":{"start":{"line":20,"column":24},"end":{"line":22,"column":7}},"line":20},"10":{"name":"(anonymous_10)","decl":{"start":{"line":25,"column":17},"end":{"line":25,"column":18}},"loc":{"start":{"line":25,"column":37},"end":{"line":29,"column":3}},"line":25},"11":{"name":"(anonymous_11)","decl":{"start":{"line":27,"column":12},"end":{"line":27,"column":13}},"loc":{"start":{"line":27,"column":24},"end":{"line":27,"column":55}},"line":27},"12":{"name":"(anonymous_12)","decl":{"start":{"line":28,"column":13},"end":{"line":28,"column":14}},"loc":{"start":{"line":28,"column":22},"end":{"line":28,"column":31}},"line":28}},"branchMap":{},"s":{"0":10,"1":10,"2":1,"3":1,"4":0,"5":10,"6":1,"7":1,"8":0,"9":10,"10":6,"11":3,"12":3,"13":10,"14":1,"15":1,"16":0,"17":10},"f":{"0":10,"1":1,"2":1,"3":0,"4":1,"5":1,"6":0,"7":6,"8":3,"9":3,"10":1,"11":1,"12":0},"b":{},"_coverageSchema":"1a1c01bbd47fc00a2c39e90264f33305004495a9","hash":"84b0c7869fa7c954cac7a19db217fa29978426ba"}
,"/Users/ruib/TheKnife/theknife-backend/src/services/comment.js": {"path":"/Users/ruib/TheKnife/theknife-backend/src/services/comment.js","statementMap":{"0":{"start":{"line":1,"column":24},"end":{"line":1,"column":60}},"1":{"start":{"line":3,"column":0},"end":{"line":40,"column":2}},"2":{"start":{"line":4,"column":17},"end":{"line":6,"column":3}},"3":{"start":{"line":5,"column":4},"end":{"line":5,"column":30}},"4":{"start":{"line":8,"column":15},"end":{"line":10,"column":3}},"5":{"start":{"line":9,"column":4},"end":{"line":9,"column":52}},"6":{"start":{"line":12,"column":15},"end":{"line":19,"column":3}},"7":{"start":{"line":13,"column":4},"end":{"line":13,"column":100}},"8":{"start":{"line":13,"column":35},"end":{"line":13,"column":100}},"9":{"start":{"line":14,"column":4},"end":{"line":14,"column":113}},"10":{"start":{"line":14,"column":38},"end":{"line":14,"column":113}},"11":{"start":{"line":15,"column":4},"end":{"line":15,"column":96}},"12":{"start":{"line":15,"column":33},"end":{"line":15,"column":96}},"13":{"start":{"line":16,"column":4},"end":{"line":16,"column":101}},"14":{"start":{"line":16,"column":34},"end":{"line":16,"column":101}},"15":{"start":{"line":18,"column":4},"end":{"line":18,"column":59}},"16":{"start":{"line":21,"column":17},"end":{"line":25,"column":3}},"17":{"start":{"line":22,"column":4},"end":{"line":24,"column":31}},"18":{"start":{"line":27,"column":17},"end":{"line":31,"column":3}},"19":{"start":{"line":28,"column":4},"end":{"line":30,"column":13}},"20":{"start":{"line":33,"column":2},"end":{"line":39,"column":4}}},"fnMap":{"0":{"name":"(anonymous_0)","decl":{"start":{"line":3,"column":17},"end":{"line":3,"column":18}},"loc":{"start":{"line":3,"column":26},"end":{"line":40,"column":1}},"line":3},"1":{"name":"(anonymous_1)","decl":{"start":{"line":4,"column":17},"end":{"line":4,"column":18}},"loc":{"start":{"line":4,"column":23},"end":{"line":6,"column":3}},"line":4},"2":{"name":"(anonymous_2)","decl":{"start":{"line":8,"column":15},"end":{"line":8,"column":16}},"loc":{"start":{"line":8,"column":32},"end":{"line":10,"column":3}},"line":8},"3":{"name":"(anonymous_3)","decl":{"start":{"line":12,"column":15},"end":{"line":12,"column":16}},"loc":{"start":{"line":12,"column":36},"end":{"line":19,"column":3}},"line":12},"4":{"name":"(anonymous_4)","decl":{"start":{"line":21,"column":17},"end":{"line":21,"column":18}},"loc":{"start":{"line":21,"column":37},"end":{"line":25,"column":3}},"line":21},"5":{"name":"(anonymous_5)","decl":{"start":{"line":27,"column":17},"end":{"line":27,"column":18}},"loc":{"start":{"line":27,"column":25},"end":{"line":31,"column":3}},"line":27}},"branchMap":{"0":{"loc":{"start":{"line":8,"column":16},"end":{"line":8,"column":27}},"type":"default-arg","locations":[{"start":{"line":8,"column":25},"end":{"line":8,"column":27}}],"line":8},"1":{"loc":{"start":{"line":13,"column":4},"end":{"line":13,"column":100}},"type":"if","locations":[{"start":{"line":13,"column":4},"end":{"line":13,"column":100}},{"start":{},"end":{}}],"line":13},"2":{"loc":{"start":{"line":14,"column":4},"end":{"line":14,"column":113}},"type":"if","locations":[{"start":{"line":14,"column":4},"end":{"line":14,"column":113}},{"start":{},"end":{}}],"line":14},"3":{"loc":{"start":{"line":15,"column":4},"end":{"line":15,"column":96}},"type":"if","locations":[{"start":{"line":15,"column":4},"end":{"line":15,"column":96}},{"start":{},"end":{}}],"line":15},"4":{"loc":{"start":{"line":16,"column":4},"end":{"line":16,"column":101}},"type":"if","locations":[{"start":{"line":16,"column":4},"end":{"line":16,"column":101}},{"start":{},"end":{}}],"line":16}},"s":{"0":10,"1":10,"2":10,"3":1,"4":10,"5":1,"6":10,"7":5,"8":1,"9":4,"10":1,"11":3,"12":1,"13":2,"14":1,"15":1,"16":10,"17":1,"18":10,"19":1,"20":10},"f":{"0":10,"1":1,"2":1,"3":5,"4":1,"5":1},"b":{"0":[0],"1":[1,4],"2":[1,3],"3":[1,2],"4":[1,1]},"_coverageSchema":"1a1c01bbd47fc00a2c39e90264f33305004495a9","hash":"d3a6f5404039abe5ccde9575a0157c25d6cb523e"}
,"/Users/ruib/TheKnife/theknife-backend/src/services/contact.js": {"path":"/Users/ruib/TheKnife/theknife-backend/src/services/contact.js","statementMap":{"0":{"start":{"line":1,"column":24},"end":{"line":1,"column":60}},"1":{"start":{"line":3,"column":0},"end":{"line":34,"column":2}},"2":{"start":{"line":4,"column":24},"end":{"line":11,"column":3}},"3":{"start":{"line":5,"column":4},"end":{"line":10,"column":5}},"4":{"start":{"line":6,"column":21},"end":{"line":6,"column":66}},"5":{"start":{"line":7,"column":6},"end":{"line":7,"column":23}},"6":{"start":{"line":9,"column":6},"end":{"line":9,"column":74}},"7":{"start":{"line":13,"column":25},"end":{"line":19,"column":3}},"8":{"start":{"line":14,"column":4},"end":{"line":18,"column":5}},"9":{"start":{"line":15,"column":6},"end":{"line":15,"column":38}},"10":{"start":{"line":17,"column":6},"end":{"line":17,"column":86}},"11":{"start":{"line":21,"column":25},"end":{"line":27,"column":3}},"12":{"start":{"line":22,"column":4},"end":{"line":26,"column":5}},"13":{"start":{"line":23,"column":6},"end":{"line":23,"column":60}},"14":{"start":{"line":25,"column":6},"end":{"line":25,"column":77}},"15":{"start":{"line":29,"column":2},"end":{"line":33,"column":4}}},"fnMap":{"0":{"name":"(anonymous_0)","decl":{"start":{"line":3,"column":17},"end":{"line":3,"column":18}},"loc":{"start":{"line":3,"column":26},"end":{"line":34,"column":1}},"line":3},"1":{"name":"(anonymous_1)","decl":{"start":{"line":4,"column":24},"end":{"line":4,"column":25}},"loc":{"start":{"line":4,"column":43},"end":{"line":11,"column":3}},"line":4},"2":{"name":"(anonymous_2)","decl":{"start":{"line":13,"column":25},"end":{"line":13,"column":26}},"loc":{"start":{"line":13,"column":37},"end":{"line":19,"column":3}},"line":13},"3":{"name":"(anonymous_3)","decl":{"start":{"line":21,"column":25},"end":{"line":21,"column":26}},"loc":{"start":{"line":21,"column":39},"end":{"line":27,"column":3}},"line":21}},"branchMap":{},"s":{"0":10,"1":10,"2":10,"3":6,"4":6,"5":1,"6":5,"7":10,"8":1,"9":1,"10":0,"11":10,"12":1,"13":1,"14":0,"15":10},"f":{"0":10,"1":6,"2":1,"3":1},"b":{},"_coverageSchema":"1a1c01bbd47fc00a2c39e90264f33305004495a9","hash":"d1c408e60e44d01a88b7cb708a6962313b1efbf6"}
,"/Users/ruib/TheKnife/theknife-backend/src/services/registeruser.js": {"path":"/Users/ruib/TheKnife/theknife-backend/src/services/registeruser.js","statementMap":{"0":{"start":{"line":2,"column":15},"end":{"line":2,"column":39}},"1":{"start":{"line":3,"column":24},"end":{"line":3,"column":60}},"2":{"start":{"line":5,"column":0},"end":{"line":79,"column":2}},"3":{"start":{"line":6,"column":17},"end":{"line":12,"column":3}},"4":{"start":{"line":7,"column":4},"end":{"line":11,"column":7}},"5":{"start":{"line":14,"column":15},"end":{"line":16,"column":3}},"6":{"start":{"line":15,"column":4},"end":{"line":15,"column":57}},"7":{"start":{"line":18,"column":26},"end":{"line":21,"column":3}},"8":{"start":{"line":19,"column":17},"end":{"line":19,"column":39}},"9":{"start":{"line":20,"column":4},"end":{"line":20,"column":39}},"10":{"start":{"line":23,"column":15},"end":{"line":39,"column":3}},"11":{"start":{"line":24,"column":4},"end":{"line":24,"column":97}},"12":{"start":{"line":24,"column":32},"end":{"line":24,"column":97}},"13":{"start":{"line":25,"column":4},"end":{"line":25,"column":91}},"14":{"start":{"line":25,"column":29},"end":{"line":25,"column":91}},"15":{"start":{"line":26,"column":4},"end":{"line":26,"column":97}},"16":{"start":{"line":26,"column":32},"end":{"line":26,"column":97}},"17":{"start":{"line":28,"column":27},"end":{"line":28,"column":68}},"18":{"start":{"line":29,"column":4},"end":{"line":29,"column":75}},"19":{"start":{"line":29,"column":24},"end":{"line":29,"column":75}},"20":{"start":{"line":31,"column":28},"end":{"line":31,"column":47}},"21":{"start":{"line":32,"column":4},"end":{"line":32,"column":70}},"22":{"start":{"line":34,"column":4},"end":{"line":38,"column":7}},"23":{"start":{"line":41,"column":17},"end":{"line":52,"column":3}},"24":{"start":{"line":42,"column":38},"end":{"line":42,"column":52}},"25":{"start":{"line":43,"column":4},"end":{"line":43,"column":75}},"26":{"start":{"line":45,"column":4},"end":{"line":51,"column":9}},"27":{"start":{"line":54,"column":25},"end":{"line":70,"column":3}},"28":{"start":{"line":55,"column":17},"end":{"line":55,"column":61}},"29":{"start":{"line":56,"column":4},"end":{"line":58,"column":5}},"30":{"start":{"line":57,"column":6},"end":{"line":57,"column":53}},"31":{"start":{"line":60,"column":4},"end":{"line":62,"column":5}},"32":{"start":{"line":61,"column":6},"end":{"line":61,"column":74}},"33":{"start":{"line":64,"column":28},"end":{"line":67,"column":6}},"34":{"start":{"line":69,"column":4},"end":{"line":69,"column":29}},"35":{"start":{"line":72,"column":2},"end":{"line":78,"column":4}}},"fnMap":{"0":{"name":"(anonymous_0)","decl":{"start":{"line":5,"column":17},"end":{"line":5,"column":18}},"loc":{"start":{"line":5,"column":26},"end":{"line":79,"column":1}},"line":5},"1":{"name":"(anonymous_1)","decl":{"start":{"line":6,"column":17},"end":{"line":6,"column":18}},"loc":{"start":{"line":6,"column":34},"end":{"line":12,"column":3}},"line":6},"2":{"name":"(anonymous_2)","decl":{"start":{"line":14,"column":15},"end":{"line":14,"column":16}},"loc":{"start":{"line":14,"column":32},"end":{"line":16,"column":3}},"line":14},"3":{"name":"(anonymous_3)","decl":{"start":{"line":18,"column":26},"end":{"line":18,"column":27}},"loc":{"start":{"line":18,"column":36},"end":{"line":21,"column":3}},"line":18},"4":{"name":"(anonymous_4)","decl":{"start":{"line":23,"column":15},"end":{"line":23,"column":16}},"loc":{"start":{"line":23,"column":39},"end":{"line":39,"column":3}},"line":23},"5":{"name":"(anonymous_5)","decl":{"start":{"line":41,"column":17},"end":{"line":41,"column":18}},"loc":{"start":{"line":41,"column":34},"end":{"line":52,"column":3}},"line":41},"6":{"name":"(anonymous_6)","decl":{"start":{"line":54,"column":25},"end":{"line":54,"column":26}},"loc":{"start":{"line":54,"column":72},"end":{"line":70,"column":3}},"line":54}},"branchMap":{"0":{"loc":{"start":{"line":6,"column":18},"end":{"line":6,"column":29}},"type":"default-arg","locations":[{"start":{"line":6,"column":27},"end":{"line":6,"column":29}}],"line":6},"1":{"loc":{"start":{"line":14,"column":16},"end":{"line":14,"column":27}},"type":"default-arg","locations":[{"start":{"line":14,"column":25},"end":{"line":14,"column":27}}],"line":14},"2":{"loc":{"start":{"line":24,"column":4},"end":{"line":24,"column":97}},"type":"if","locations":[{"start":{"line":24,"column":4},"end":{"line":24,"column":97}},{"start":{},"end":{}}],"line":24},"3":{"loc":{"start":{"line":25,"column":4},"end":{"line":25,"column":91}},"type":"if","locations":[{"start":{"line":25,"column":4},"end":{"line":25,"column":91}},{"start":{},"end":{}}],"line":25},"4":{"loc":{"start":{"line":26,"column":4},"end":{"line":26,"column":97}},"type":"if","locations":[{"start":{"line":26,"column":4},"end":{"line":26,"column":97}},{"start":{},"end":{}}],"line":26},"5":{"loc":{"start":{"line":29,"column":4},"end":{"line":29,"column":75}},"type":"if","locations":[{"start":{"line":29,"column":4},"end":{"line":29,"column":75}},{"start":{},"end":{}}],"line":29},"6":{"loc":{"start":{"line":56,"column":4},"end":{"line":58,"column":5}},"type":"if","locations":[{"start":{"line":56,"column":4},"end":{"line":58,"column":5}},{"start":{},"end":{}}],"line":56},"7":{"loc":{"start":{"line":60,"column":4},"end":{"line":62,"column":5}},"type":"if","locations":[{"start":{"line":60,"column":4},"end":{"line":62,"column":5}},{"start":{},"end":{}}],"line":60}},"s":{"0":10,"1":10,"2":10,"3":10,"4":1,"5":10,"6":12,"7":10,"8":9,"9":9,"10":10,"11":11,"12":1,"13":10,"14":1,"15":9,"16":1,"17":8,"18":8,"19":0,"20":8,"21":8,"22":8,"23":10,"24":1,"25":1,"26":1,"27":10,"28":2,"29":2,"30":0,"31":2,"32":1,"33":1,"34":1,"35":10},"f":{"0":10,"1":1,"2":12,"3":9,"4":11,"5":1,"6":2},"b":{"0":[1],"1":[0],"2":[1,10],"3":[1,9],"4":[1,8],"5":[0,8],"6":[0,2],"7":[1,1]},"_coverageSchema":"1a1c01bbd47fc00a2c39e90264f33305004495a9","hash":"50f7757c4e4dd0e2edc66afccf3f91b9936c2227"}
,"/Users/ruib/TheKnife/theknife-backend/src/services/reservation.js": {"path":"/Users/ruib/TheKnife/theknife-backend/src/services/reservation.js","statementMap":{"0":{"start":{"line":2,"column":24},"end":{"line":2,"column":60}},"1":{"start":{"line":4,"column":0},"end":{"line":41,"column":2}},"2":{"start":{"line":5,"column":17},"end":{"line":7,"column":3}},"3":{"start":{"line":6,"column":4},"end":{"line":6,"column":34}},"4":{"start":{"line":9,"column":15},"end":{"line":11,"column":3}},"5":{"start":{"line":10,"column":4},"end":{"line":10,"column":56}},"6":{"start":{"line":13,"column":15},"end":{"line":20,"column":3}},"7":{"start":{"line":14,"column":4},"end":{"line":14,"column":113}},"8":{"start":{"line":14,"column":34},"end":{"line":14,"column":113}},"9":{"start":{"line":15,"column":4},"end":{"line":15,"column":109}},"10":{"start":{"line":15,"column":34},"end":{"line":15,"column":109}},"11":{"start":{"line":16,"column":4},"end":{"line":16,"column":99}},"12":{"start":{"line":16,"column":38},"end":{"line":16,"column":99}},"13":{"start":{"line":17,"column":4},"end":{"line":17,"column":99}},"14":{"start":{"line":17,"column":38},"end":{"line":17,"column":99}},"15":{"start":{"line":18,"column":4},"end":{"line":18,"column":109}},"16":{"start":{"line":18,"column":35},"end":{"line":18,"column":109}},"17":{"start":{"line":19,"column":4},"end":{"line":19,"column":59}},"18":{"start":{"line":22,"column":28},"end":{"line":26,"column":3}},"19":{"start":{"line":23,"column":4},"end":{"line":25,"column":25}},"20":{"start":{"line":28,"column":25},"end":{"line":32,"column":3}},"21":{"start":{"line":29,"column":4},"end":{"line":31,"column":13}},"22":{"start":{"line":34,"column":2},"end":{"line":40,"column":4}}},"fnMap":{"0":{"name":"(anonymous_0)","decl":{"start":{"line":4,"column":17},"end":{"line":4,"column":18}},"loc":{"start":{"line":4,"column":26},"end":{"line":41,"column":1}},"line":4},"1":{"name":"(anonymous_1)","decl":{"start":{"line":5,"column":17},"end":{"line":5,"column":18}},"loc":{"start":{"line":5,"column":23},"end":{"line":7,"column":3}},"line":5},"2":{"name":"(anonymous_2)","decl":{"start":{"line":9,"column":15},"end":{"line":9,"column":16}},"loc":{"start":{"line":9,"column":32},"end":{"line":11,"column":3}},"line":9},"3":{"name":"(anonymous_3)","decl":{"start":{"line":13,"column":15},"end":{"line":13,"column":16}},"loc":{"start":{"line":13,"column":32},"end":{"line":20,"column":3}},"line":13},"4":{"name":"(anonymous_4)","decl":{"start":{"line":22,"column":28},"end":{"line":22,"column":29}},"loc":{"start":{"line":22,"column":42},"end":{"line":26,"column":3}},"line":22},"5":{"name":"(anonymous_5)","decl":{"start":{"line":28,"column":25},"end":{"line":28,"column":26}},"loc":{"start":{"line":28,"column":33},"end":{"line":32,"column":3}},"line":28}},"branchMap":{"0":{"loc":{"start":{"line":9,"column":16},"end":{"line":9,"column":27}},"type":"default-arg","locations":[{"start":{"line":9,"column":25},"end":{"line":9,"column":27}}],"line":9},"1":{"loc":{"start":{"line":14,"column":4},"end":{"line":14,"column":113}},"type":"if","locations":[{"start":{"line":14,"column":4},"end":{"line":14,"column":113}},{"start":{},"end":{}}],"line":14},"2":{"loc":{"start":{"line":15,"column":4},"end":{"line":15,"column":109}},"type":"if","locations":[{"start":{"line":15,"column":4},"end":{"line":15,"column":109}},{"start":{},"end":{}}],"line":15},"3":{"loc":{"start":{"line":16,"column":4},"end":{"line":16,"column":99}},"type":"if","locations":[{"start":{"line":16,"column":4},"end":{"line":16,"column":99}},{"start":{},"end":{}}],"line":16},"4":{"loc":{"start":{"line":17,"column":4},"end":{"line":17,"column":99}},"type":"if","locations":[{"start":{"line":17,"column":4},"end":{"line":17,"column":99}},{"start":{},"end":{}}],"line":17},"5":{"loc":{"start":{"line":18,"column":4},"end":{"line":18,"column":109}},"type":"if","locations":[{"start":{"line":18,"column":4},"end":{"line":18,"column":109}},{"start":{},"end":{}}],"line":18}},"s":{"0":10,"1":10,"2":10,"3":1,"4":10,"5":1,"6":10,"7":6,"8":1,"9":5,"10":1,"11":4,"12":1,"13":3,"14":1,"15":2,"16":1,"17":1,"18":10,"19":1,"20":10,"21":1,"22":10},"f":{"0":10,"1":1,"2":1,"3":6,"4":1,"5":1},"b":{"0":[0],"1":[1,5],"2":[1,4],"3":[1,3],"4":[1,2],"5":[1,1]},"_coverageSchema":"1a1c01bbd47fc00a2c39e90264f33305004495a9","hash":"2a1ada9c39485afe0a5b5f02d2b5a6001c12e703"}
,"/Users/ruib/TheKnife/theknife-backend/src/services/restaurant.js": {"path":"/Users/ruib/TheKnife/theknife-backend/src/services/restaurant.js","statementMap":{"0":{"start":{"line":3,"column":24},"end":{"line":3,"column":60}},"1":{"start":{"line":5,"column":0},"end":{"line":52,"column":2}},"2":{"start":{"line":6,"column":17},"end":{"line":8,"column":3}},"3":{"start":{"line":7,"column":4},"end":{"line":7,"column":33}},"4":{"start":{"line":10,"column":15},"end":{"line":12,"column":3}},"5":{"start":{"line":11,"column":4},"end":{"line":11,"column":55}},"6":{"start":{"line":14,"column":15},"end":{"line":38,"column":3}},"7":{"start":{"line":15,"column":4},"end":{"line":37,"column":5}},"8":{"start":{"line":16,"column":6},"end":{"line":16,"column":112}},"9":{"start":{"line":16,"column":36},"end":{"line":16,"column":112}},"10":{"start":{"line":17,"column":6},"end":{"line":17,"column":121}},"11":{"start":{"line":17,"column":40},"end":{"line":17,"column":121}},"12":{"start":{"line":18,"column":6},"end":{"line":18,"column":117}},"13":{"start":{"line":18,"column":36},"end":{"line":18,"column":117}},"14":{"start":{"line":19,"column":6},"end":{"line":19,"column":118}},"15":{"start":{"line":19,"column":38},"end":{"line":19,"column":118}},"16":{"start":{"line":20,"column":6},"end":{"line":20,"column":123}},"17":{"start":{"line":20,"column":40},"end":{"line":20,"column":123}},"18":{"start":{"line":21,"column":6},"end":{"line":21,"column":115}},"19":{"start":{"line":21,"column":37},"end":{"line":21,"column":115}},"20":{"start":{"line":22,"column":6},"end":{"line":22,"column":133}},"21":{"start":{"line":22,"column":46},"end":{"line":22,"column":133}},"22":{"start":{"line":23,"column":6},"end":{"line":23,"column":122}},"23":{"start":{"line":23,"column":40},"end":{"line":23,"column":122}},"24":{"start":{"line":24,"column":6},"end":{"line":24,"column":123}},"25":{"start":{"line":24,"column":43},"end":{"line":24,"column":123}},"26":{"start":{"line":25,"column":6},"end":{"line":25,"column":112}},"27":{"start":{"line":25,"column":44},"end":{"line":25,"column":112}},"28":{"start":{"line":26,"column":6},"end":{"line":26,"column":120}},"29":{"start":{"line":26,"column":44},"end":{"line":26,"column":120}},"30":{"start":{"line":27,"column":6},"end":{"line":27,"column":117}},"31":{"start":{"line":27,"column":44},"end":{"line":27,"column":117}},"32":{"start":{"line":28,"column":27},"end":{"line":28,"column":86}},"33":{"start":{"line":30,"column":6},"end":{"line":32,"column":7}},"34":{"start":{"line":31,"column":8},"end":{"line":31,"column":68}},"35":{"start":{"line":34,"column":6},"end":{"line":34,"column":24}},"36":{"start":{"line":36,"column":6},"end":{"line":36,"column":18}},"37":{"start":{"line":40,"column":17},"end":{"line":44,"column":3}},"38":{"start":{"line":41,"column":4},"end":{"line":43,"column":34}},"39":{"start":{"line":46,"column":2},"end":{"line":51,"column":4}}},"fnMap":{"0":{"name":"(anonymous_0)","decl":{"start":{"line":5,"column":17},"end":{"line":5,"column":18}},"loc":{"start":{"line":5,"column":26},"end":{"line":52,"column":1}},"line":5},"1":{"name":"(anonymous_1)","decl":{"start":{"line":6,"column":17},"end":{"line":6,"column":18}},"loc":{"start":{"line":6,"column":23},"end":{"line":8,"column":3}},"line":6},"2":{"name":"(anonymous_2)","decl":{"start":{"line":10,"column":15},"end":{"line":10,"column":16}},"loc":{"start":{"line":10,"column":32},"end":{"line":12,"column":3}},"line":10},"3":{"name":"(anonymous_3)","decl":{"start":{"line":14,"column":15},"end":{"line":14,"column":16}},"loc":{"start":{"line":14,"column":45},"end":{"line":38,"column":3}},"line":14},"4":{"name":"(anonymous_4)","decl":{"start":{"line":40,"column":17},"end":{"line":40,"column":18}},"loc":{"start":{"line":40,"column":40},"end":{"line":44,"column":3}},"line":40}},"branchMap":{"0":{"loc":{"start":{"line":10,"column":16},"end":{"line":10,"column":27}},"type":"default-arg","locations":[{"start":{"line":10,"column":25},"end":{"line":10,"column":27}}],"line":10},"1":{"loc":{"start":{"line":16,"column":6},"end":{"line":16,"column":112}},"type":"if","locations":[{"start":{"line":16,"column":6},"end":{"line":16,"column":112}},{"start":{},"end":{}}],"line":16},"2":{"loc":{"start":{"line":17,"column":6},"end":{"line":17,"column":121}},"type":"if","locations":[{"start":{"line":17,"column":6},"end":{"line":17,"column":121}},{"start":{},"end":{}}],"line":17},"3":{"loc":{"start":{"line":18,"column":6},"end":{"line":18,"column":117}},"type":"if","locations":[{"start":{"line":18,"column":6},"end":{"line":18,"column":117}},{"start":{},"end":{}}],"line":18},"4":{"loc":{"start":{"line":19,"column":6},"end":{"line":19,"column":118}},"type":"if","locations":[{"start":{"line":19,"column":6},"end":{"line":19,"column":118}},{"start":{},"end":{}}],"line":19},"5":{"loc":{"start":{"line":20,"column":6},"end":{"line":20,"column":123}},"type":"if","locations":[{"start":{"line":20,"column":6},"end":{"line":20,"column":123}},{"start":{},"end":{}}],"line":20},"6":{"loc":{"start":{"line":21,"column":6},"end":{"line":21,"column":115}},"type":"if","locations":[{"start":{"line":21,"column":6},"end":{"line":21,"column":115}},{"start":{},"end":{}}],"line":21},"7":{"loc":{"start":{"line":22,"column":6},"end":{"line":22,"column":133}},"type":"if","locations":[{"start":{"line":22,"column":6},"end":{"line":22,"column":133}},{"start":{},"end":{}}],"line":22},"8":{"loc":{"start":{"line":23,"column":6},"end":{"line":23,"column":122}},"type":"if","locations":[{"start":{"line":23,"column":6},"end":{"line":23,"column":122}},{"start":{},"end":{}}],"line":23},"9":{"loc":{"start":{"line":24,"column":6},"end":{"line":24,"column":123}},"type":"if","locations":[{"start":{"line":24,"column":6},"end":{"line":24,"column":123}},{"start":{},"end":{}}],"line":24},"10":{"loc":{"start":{"line":25,"column":6},"end":{"line":25,"column":112}},"type":"if","locations":[{"start":{"line":25,"column":6},"end":{"line":25,"column":112}},{"start":{},"end":{}}],"line":25},"11":{"loc":{"start":{"line":26,"column":6},"end":{"line":26,"column":120}},"type":"if","locations":[{"start":{"line":26,"column":6},"end":{"line":26,"column":120}},{"start":{},"end":{}}],"line":26},"12":{"loc":{"start":{"line":27,"column":6},"end":{"line":27,"column":117}},"type":"if","locations":[{"start":{"line":27,"column":6},"end":{"line":27,"column":117}},{"start":{},"end":{}}],"line":27},"13":{"loc":{"start":{"line":30,"column":6},"end":{"line":32,"column":7}},"type":"if","locations":[{"start":{"line":30,"column":6},"end":{"line":32,"column":7}},{"start":{},"end":{}}],"line":30}},"s":{"0":10,"1":10,"2":10,"3":1,"4":10,"5":1,"6":10,"7":15,"8":15,"9":1,"10":14,"11":1,"12":13,"13":1,"14":12,"15":1,"16":11,"17":1,"18":10,"19":1,"20":9,"21":1,"22":8,"23":1,"24":7,"25":1,"26":6,"27":1,"28":5,"29":1,"30":4,"31":1,"32":3,"33":3,"34":0,"35":3,"36":12,"37":10,"38":1,"39":10},"f":{"0":10,"1":1,"2":1,"3":15,"4":1},"b":{"0":[0],"1":[1,14],"2":[1,13],"3":[1,12],"4":[1,11],"5":[1,10],"6":[1,9],"7":[1,8],"8":[1,7],"9":[1,6],"10":[1,5],"11":[1,4],"12":[1,3],"13":[0,3]},"_coverageSchema":"1a1c01bbd47fc00a2c39e90264f33305004495a9","hash":"e9106e598f42a1d485a96bbd75604047163d15f7"}
,"/Users/ruib/TheKnife/theknife-backend/src/services/restaurantregistration.js": {"path":"/Users/ruib/TheKnife/theknife-backend/src/services/restaurantregistration.js","statementMap":{"0":{"start":{"line":2,"column":15},"end":{"line":2,"column":39}},"1":{"start":{"line":3,"column":24},"end":{"line":3,"column":60}},"2":{"start":{"line":5,"column":0},"end":{"line":132,"column":2}},"3":{"start":{"line":6,"column":17},"end":{"line":25,"column":3}},"4":{"start":{"line":7,"column":4},"end":{"line":24,"column":7}},"5":{"start":{"line":27,"column":15},"end":{"line":29,"column":3}},"6":{"start":{"line":28,"column":4},"end":{"line":28,"column":67}},"7":{"start":{"line":31,"column":26},"end":{"line":34,"column":3}},"8":{"start":{"line":32,"column":17},"end":{"line":32,"column":39}},"9":{"start":{"line":33,"column":4},"end":{"line":33,"column":39}},"10":{"start":{"line":36,"column":15},"end":{"line":78,"column":3}},"11":{"start":{"line":37,"column":4},"end":{"line":37,"column":117}},"12":{"start":{"line":37,"column":40},"end":{"line":37,"column":117}},"13":{"start":{"line":38,"column":4},"end":{"line":38,"column":121}},"14":{"start":{"line":38,"column":39},"end":{"line":38,"column":121}},"15":{"start":{"line":39,"column":4},"end":{"line":39,"column":117}},"16":{"start":{"line":39,"column":39},"end":{"line":39,"column":117}},"17":{"start":{"line":40,"column":4},"end":{"line":40,"column":123}},"18":{"start":{"line":40,"column":42},"end":{"line":40,"column":123}},"19":{"start":{"line":41,"column":4},"end":{"line":41,"column":114}},"20":{"start":{"line":41,"column":38},"end":{"line":41,"column":114}},"21":{"start":{"line":42,"column":4},"end":{"line":42,"column":123}},"22":{"start":{"line":42,"column":42},"end":{"line":42,"column":123}},"23":{"start":{"line":43,"column":4},"end":{"line":43,"column":119}},"24":{"start":{"line":43,"column":38},"end":{"line":43,"column":119}},"25":{"start":{"line":44,"column":4},"end":{"line":44,"column":120}},"26":{"start":{"line":44,"column":40},"end":{"line":44,"column":120}},"27":{"start":{"line":45,"column":4},"end":{"line":45,"column":125}},"28":{"start":{"line":45,"column":42},"end":{"line":45,"column":125}},"29":{"start":{"line":46,"column":4},"end":{"line":46,"column":117}},"30":{"start":{"line":46,"column":39},"end":{"line":46,"column":117}},"31":{"start":{"line":47,"column":4},"end":{"line":47,"column":135}},"32":{"start":{"line":47,"column":48},"end":{"line":47,"column":135}},"33":{"start":{"line":48,"column":4},"end":{"line":48,"column":124}},"34":{"start":{"line":48,"column":42},"end":{"line":48,"column":124}},"35":{"start":{"line":49,"column":4},"end":{"line":49,"column":125}},"36":{"start":{"line":49,"column":45},"end":{"line":49,"column":125}},"37":{"start":{"line":50,"column":4},"end":{"line":50,"column":114}},"38":{"start":{"line":50,"column":46},"end":{"line":50,"column":114}},"39":{"start":{"line":51,"column":4},"end":{"line":51,"column":122}},"40":{"start":{"line":51,"column":46},"end":{"line":51,"column":122}},"41":{"start":{"line":52,"column":4},"end":{"line":52,"column":119}},"42":{"start":{"line":52,"column":46},"end":{"line":52,"column":119}},"43":{"start":{"line":54,"column":37},"end":{"line":54,"column":88}},"44":{"start":{"line":55,"column":4},"end":{"line":55,"column":85}},"45":{"start":{"line":55,"column":34},"end":{"line":55,"column":85}},"46":{"start":{"line":57,"column":38},"end":{"line":57,"column":67}},"47":{"start":{"line":58,"column":4},"end":{"line":58,"column":90}},"48":{"start":{"line":60,"column":4},"end":{"line":77,"column":7}},"49":{"start":{"line":80,"column":25},"end":{"line":97,"column":3}},"50":{"start":{"line":81,"column":36},"end":{"line":81,"column":90}},"51":{"start":{"line":83,"column":4},"end":{"line":85,"column":5}},"52":{"start":{"line":84,"column":6},"end":{"line":84,"column":54}},"53":{"start":{"line":87,"column":4},"end":{"line":89,"column":5}},"54":{"start":{"line":88,"column":6},"end":{"line":88,"column":74}},"55":{"start":{"line":91,"column":28},"end":{"line":94,"column":6}},"56":{"start":{"line":96,"column":4},"end":{"line":96,"column":29}},"57":{"start":{"line":99,"column":17},"end":{"line":123,"column":3}},"58":{"start":{"line":100,"column":44},"end":{"line":100,"column":64}},"59":{"start":{"line":101,"column":4},"end":{"line":101,"column":87}},"60":{"start":{"line":103,"column":4},"end":{"line":122,"column":9}},"61":{"start":{"line":125,"column":2},"end":{"line":131,"column":4}}},"fnMap":{"0":{"name":"(anonymous_0)","decl":{"start":{"line":5,"column":17},"end":{"line":5,"column":18}},"loc":{"start":{"line":5,"column":26},"end":{"line":132,"column":1}},"line":5},"1":{"name":"(anonymous_1)","decl":{"start":{"line":6,"column":17},"end":{"line":6,"column":18}},"loc":{"start":{"line":6,"column":34},"end":{"line":25,"column":3}},"line":6},"2":{"name":"(anonymous_2)","decl":{"start":{"line":27,"column":15},"end":{"line":27,"column":16}},"loc":{"start":{"line":27,"column":32},"end":{"line":29,"column":3}},"line":27},"3":{"name":"(anonymous_3)","decl":{"start":{"line":31,"column":26},"end":{"line":31,"column":27}},"loc":{"start":{"line":31,"column":36},"end":{"line":34,"column":3}},"line":31},"4":{"name":"(anonymous_4)","decl":{"start":{"line":36,"column":15},"end":{"line":36,"column":16}},"loc":{"start":{"line":36,"column":49},"end":{"line":78,"column":3}},"line":36},"5":{"name":"(anonymous_5)","decl":{"start":{"line":80,"column":25},"end":{"line":80,"column":26}},"loc":{"start":{"line":80,"column":72},"end":{"line":97,"column":3}},"line":80},"6":{"name":"(anonymous_6)","decl":{"start":{"line":99,"column":17},"end":{"line":99,"column":18}},"loc":{"start":{"line":99,"column":40},"end":{"line":123,"column":3}},"line":99}},"branchMap":{"0":{"loc":{"start":{"line":6,"column":18},"end":{"line":6,"column":29}},"type":"default-arg","locations":[{"start":{"line":6,"column":27},"end":{"line":6,"column":29}}],"line":6},"1":{"loc":{"start":{"line":27,"column":16},"end":{"line":27,"column":27}},"type":"default-arg","locations":[{"start":{"line":27,"column":25},"end":{"line":27,"column":27}}],"line":27},"2":{"loc":{"start":{"line":37,"column":4},"end":{"line":37,"column":117}},"type":"if","locations":[{"start":{"line":37,"column":4},"end":{"line":37,"column":117}},{"start":{},"end":{}}],"line":37},"3":{"loc":{"start":{"line":38,"column":4},"end":{"line":38,"column":121}},"type":"if","locations":[{"start":{"line":38,"column":4},"end":{"line":38,"column":121}},{"start":{},"end":{}}],"line":38},"4":{"loc":{"start":{"line":39,"column":4},"end":{"line":39,"column":117}},"type":"if","locations":[{"start":{"line":39,"column":4},"end":{"line":39,"column":117}},{"start":{},"end":{}}],"line":39},"5":{"loc":{"start":{"line":40,"column":4},"end":{"line":40,"column":123}},"type":"if","locations":[{"start":{"line":40,"column":4},"end":{"line":40,"column":123}},{"start":{},"end":{}}],"line":40},"6":{"loc":{"start":{"line":41,"column":4},"end":{"line":41,"column":114}},"type":"if","locations":[{"start":{"line":41,"column":4},"end":{"line":41,"column":114}},{"start":{},"end":{}}],"line":41},"7":{"loc":{"start":{"line":42,"column":4},"end":{"line":42,"column":123}},"type":"if","locations":[{"start":{"line":42,"column":4},"end":{"line":42,"column":123}},{"start":{},"end":{}}],"line":42},"8":{"loc":{"start":{"line":43,"column":4},"end":{"line":43,"column":119}},"type":"if","locations":[{"start":{"line":43,"column":4},"end":{"line":43,"column":119}},{"start":{},"end":{}}],"line":43},"9":{"loc":{"start":{"line":44,"column":4},"end":{"line":44,"column":120}},"type":"if","locations":[{"start":{"line":44,"column":4},"end":{"line":44,"column":120}},{"start":{},"end":{}}],"line":44},"10":{"loc":{"start":{"line":45,"column":4},"end":{"line":45,"column":125}},"type":"if","locations":[{"start":{"line":45,"column":4},"end":{"line":45,"column":125}},{"start":{},"end":{}}],"line":45},"11":{"loc":{"start":{"line":46,"column":4},"end":{"line":46,"column":117}},"type":"if","locations":[{"start":{"line":46,"column":4},"end":{"line":46,"column":117}},{"start":{},"end":{}}],"line":46},"12":{"loc":{"start":{"line":47,"column":4},"end":{"line":47,"column":135}},"type":"if","locations":[{"start":{"line":47,"column":4},"end":{"line":47,"column":135}},{"start":{},"end":{}}],"line":47},"13":{"loc":{"start":{"line":48,"column":4},"end":{"line":48,"column":124}},"type":"if","locations":[{"start":{"line":48,"column":4},"end":{"line":48,"column":124}},{"start":{},"end":{}}],"line":48},"14":{"loc":{"start":{"line":49,"column":4},"end":{"line":49,"column":125}},"type":"if","locations":[{"start":{"line":49,"column":4},"end":{"line":49,"column":125}},{"start":{},"end":{}}],"line":49},"15":{"loc":{"start":{"line":50,"column":4},"end":{"line":50,"column":114}},"type":"if","locations":[{"start":{"line":50,"column":4},"end":{"line":50,"column":114}},{"start":{},"end":{}}],"line":50},"16":{"loc":{"start":{"line":51,"column":4},"end":{"line":51,"column":122}},"type":"if","locations":[{"start":{"line":51,"column":4},"end":{"line":51,"column":122}},{"start":{},"end":{}}],"line":51},"17":{"loc":{"start":{"line":52,"column":4},"end":{"line":52,"column":119}},"type":"if","locations":[{"start":{"line":52,"column":4},"end":{"line":52,"column":119}},{"start":{},"end":{}}],"line":52},"18":{"loc":{"start":{"line":55,"column":4},"end":{"line":55,"column":85}},"type":"if","locations":[{"start":{"line":55,"column":4},"end":{"line":55,"column":85}},{"start":{},"end":{}}],"line":55},"19":{"loc":{"start":{"line":83,"column":4},"end":{"line":85,"column":5}},"type":"if","locations":[{"start":{"line":83,"column":4},"end":{"line":85,"column":5}},{"start":{},"end":{}}],"line":83},"20":{"loc":{"start":{"line":87,"column":4},"end":{"line":89,"column":5}},"type":"if","locations":[{"start":{"line":87,"column":4},"end":{"line":89,"column":5}},{"start":{},"end":{}}],"line":87}},"s":{"0":10,"1":10,"2":10,"3":10,"4":1,"5":10,"6":13,"7":10,"8":10,"9":10,"10":10,"11":25,"12":1,"13":24,"14":1,"15":23,"16":1,"17":22,"18":1,"19":21,"20":1,"21":20,"22":1,"23":19,"24":1,"25":18,"26":1,"27":17,"28":1,"29":16,"30":1,"31":15,"32":1,"33":14,"34":1,"35":13,"36":1,"37":12,"38":1,"39":11,"40":1,"41":10,"42":1,"43":9,"44":9,"45":0,"46":9,"47":9,"48":9,"49":10,"50":2,"51":2,"52":0,"53":2,"54":1,"55":1,"56":1,"57":10,"58":1,"59":1,"60":1,"61":10},"f":{"0":10,"1":1,"2":13,"3":10,"4":25,"5":2,"6":1},"b":{"0":[1],"1":[0],"2":[1,24],"3":[1,23],"4":[1,22],"5":[1,21],"6":[1,20],"7":[1,19],"8":[1,18],"9":[1,17],"10":[1,16],"11":[1,15],"12":[1,14],"13":[1,13],"14":[1,12],"15":[1,11],"16":[1,10],"17":[1,9],"18":[0,9],"19":[0,2],"20":[1,1]},"_coverageSchema":"1a1c01bbd47fc00a2c39e90264f33305004495a9","hash":"b6e08ba405e5320de26c1310c2d8e0b8f1d1372f"}
,"/Users/ruib/TheKnife/theknife-backend/src/services/restaurantresponsible.js": {"path":"/Users/ruib/TheKnife/theknife-backend/src/services/restaurantresponsible.js","statementMap":{"0":{"start":{"line":1,"column":15},"end":{"line":1,"column":39}},"1":{"start":{"line":2,"column":24},"end":{"line":2,"column":60}},"2":{"start":{"line":4,"column":0},"end":{"line":66,"column":2}},"3":{"start":{"line":5,"column":17},"end":{"line":13,"column":3}},"4":{"start":{"line":6,"column":4},"end":{"line":12,"column":7}},"5":{"start":{"line":15,"column":15},"end":{"line":17,"column":3}},"6":{"start":{"line":16,"column":4},"end":{"line":16,"column":66}},"7":{"start":{"line":19,"column":26},"end":{"line":22,"column":3}},"8":{"start":{"line":20,"column":17},"end":{"line":20,"column":39}},"9":{"start":{"line":21,"column":4},"end":{"line":21,"column":39}},"10":{"start":{"line":24,"column":15},"end":{"line":43,"column":3}},"11":{"start":{"line":25,"column":4},"end":{"line":25,"column":124}},"12":{"start":{"line":25,"column":47},"end":{"line":25,"column":124}},"13":{"start":{"line":26,"column":4},"end":{"line":26,"column":128}},"14":{"start":{"line":26,"column":46},"end":{"line":26,"column":128}},"15":{"start":{"line":27,"column":4},"end":{"line":27,"column":124}},"16":{"start":{"line":27,"column":46},"end":{"line":27,"column":124}},"17":{"start":{"line":28,"column":4},"end":{"line":28,"column":130}},"18":{"start":{"line":28,"column":49},"end":{"line":28,"column":130}},"19":{"start":{"line":30,"column":26},"end":{"line":30,"column":84}},"20":{"start":{"line":31,"column":4},"end":{"line":31,"column":74}},"21":{"start":{"line":31,"column":23},"end":{"line":31,"column":74}},"22":{"start":{"line":33,"column":37},"end":{"line":33,"column":73}},"23":{"start":{"line":34,"column":4},"end":{"line":34,"column":96}},"24":{"start":{"line":36,"column":4},"end":{"line":42,"column":7}},"25":{"start":{"line":45,"column":17},"end":{"line":58,"column":3}},"26":{"start":{"line":46,"column":33},"end":{"line":46,"column":52}},"27":{"start":{"line":47,"column":4},"end":{"line":47,"column":75}},"28":{"start":{"line":49,"column":4},"end":{"line":57,"column":9}},"29":{"start":{"line":60,"column":2},"end":{"line":65,"column":4}}},"fnMap":{"0":{"name":"(anonymous_0)","decl":{"start":{"line":4,"column":17},"end":{"line":4,"column":18}},"loc":{"start":{"line":4,"column":26},"end":{"line":66,"column":1}},"line":4},"1":{"name":"(anonymous_1)","decl":{"start":{"line":5,"column":17},"end":{"line":5,"column":18}},"loc":{"start":{"line":5,"column":34},"end":{"line":13,"column":3}},"line":5},"2":{"name":"(anonymous_2)","decl":{"start":{"line":15,"column":15},"end":{"line":15,"column":16}},"loc":{"start":{"line":15,"column":32},"end":{"line":17,"column":3}},"line":15},"3":{"name":"(anonymous_3)","decl":{"start":{"line":19,"column":26},"end":{"line":19,"column":27}},"loc":{"start":{"line":19,"column":36},"end":{"line":22,"column":3}},"line":19},"4":{"name":"(anonymous_4)","decl":{"start":{"line":24,"column":15},"end":{"line":24,"column":16}},"loc":{"start":{"line":24,"column":56},"end":{"line":43,"column":3}},"line":24},"5":{"name":"(anonymous_5)","decl":{"start":{"line":45,"column":17},"end":{"line":45,"column":18}},"loc":{"start":{"line":45,"column":39},"end":{"line":58,"column":3}},"line":45}},"branchMap":{"0":{"loc":{"start":{"line":5,"column":18},"end":{"line":5,"column":29}},"type":"default-arg","locations":[{"start":{"line":5,"column":27},"end":{"line":5,"column":29}}],"line":5},"1":{"loc":{"start":{"line":15,"column":16},"end":{"line":15,"column":27}},"type":"default-arg","locations":[{"start":{"line":15,"column":25},"end":{"line":15,"column":27}}],"line":15},"2":{"loc":{"start":{"line":25,"column":4},"end":{"line":25,"column":124}},"type":"if","locations":[{"start":{"line":25,"column":4},"end":{"line":25,"column":124}},{"start":{},"end":{}}],"line":25},"3":{"loc":{"start":{"line":26,"column":4},"end":{"line":26,"column":128}},"type":"if","locations":[{"start":{"line":26,"column":4},"end":{"line":26,"column":128}},{"start":{},"end":{}}],"line":26},"4":{"loc":{"start":{"line":27,"column":4},"end":{"line":27,"column":124}},"type":"if","locations":[{"start":{"line":27,"column":4},"end":{"line":27,"column":124}},{"start":{},"end":{}}],"line":27},"5":{"loc":{"start":{"line":28,"column":4},"end":{"line":28,"column":130}},"type":"if","locations":[{"start":{"line":28,"column":4},"end":{"line":28,"column":130}},{"start":{},"end":{}}],"line":28},"6":{"loc":{"start":{"line":31,"column":4},"end":{"line":31,"column":74}},"type":"if","locations":[{"start":{"line":31,"column":4},"end":{"line":31,"column":74}},{"start":{},"end":{}}],"line":31}},"s":{"0":10,"1":10,"2":10,"3":10,"4":1,"5":10,"6":22,"7":10,"8":10,"9":10,"10":10,"11":13,"12":1,"13":12,"14":1,"15":11,"16":1,"17":10,"18":1,"19":9,"20":9,"21":0,"22":9,"23":9,"24":9,"25":10,"26":1,"27":1,"28":1,"29":10},"f":{"0":10,"1":1,"2":22,"3":10,"4":13,"5":1},"b":{"0":[1],"1":[0],"2":[1,12],"3":[1,11],"4":[1,10],"5":[1,9],"6":[0,9]},"_coverageSchema":"1a1c01bbd47fc00a2c39e90264f33305004495a9","hash":"2855dd352fd71c7c7ea1d8efacd7b0c7ace24783"}
,"/Users/ruib/TheKnife/theknife-backend/src/services/user.js": {"path":"/Users/ruib/TheKnife/theknife-backend/src/services/user.js","statementMap":{"0":{"start":{"line":2,"column":15},"end":{"line":2,"column":39}},"1":{"start":{"line":3,"column":24},"end":{"line":3,"column":60}},"2":{"start":{"line":5,"column":0},"end":{"line":72,"column":2}},"3":{"start":{"line":6,"column":17},"end":{"line":12,"column":3}},"4":{"start":{"line":7,"column":4},"end":{"line":11,"column":7}},"5":{"start":{"line":14,"column":15},"end":{"line":16,"column":3}},"6":{"start":{"line":15,"column":4},"end":{"line":15,"column":49}},"7":{"start":{"line":18,"column":26},"end":{"line":21,"column":3}},"8":{"start":{"line":19,"column":17},"end":{"line":19,"column":39}},"9":{"start":{"line":20,"column":4},"end":{"line":20,"column":39}},"10":{"start":{"line":23,"column":15},"end":{"line":50,"column":3}},"11":{"start":{"line":24,"column":4},"end":{"line":49,"column":5}},"12":{"start":{"line":25,"column":6},"end":{"line":25,"column":99}},"13":{"start":{"line":25,"column":34},"end":{"line":25,"column":99}},"14":{"start":{"line":26,"column":6},"end":{"line":26,"column":93}},"15":{"start":{"line":26,"column":31},"end":{"line":26,"column":93}},"16":{"start":{"line":27,"column":6},"end":{"line":27,"column":99}},"17":{"start":{"line":27,"column":34},"end":{"line":27,"column":99}},"18":{"start":{"line":29,"column":21},"end":{"line":29,"column":62}},"19":{"start":{"line":30,"column":6},"end":{"line":30,"column":69}},"20":{"start":{"line":30,"column":18},"end":{"line":30,"column":69}},"21":{"start":{"line":32,"column":22},"end":{"line":32,"column":41}},"22":{"start":{"line":33,"column":6},"end":{"line":33,"column":64}},"23":{"start":{"line":35,"column":21},"end":{"line":40,"column":8}},"24":{"start":{"line":42,"column":6},"end":{"line":44,"column":7}},"25":{"start":{"line":43,"column":8},"end":{"line":43,"column":66}},"26":{"start":{"line":46,"column":6},"end":{"line":46,"column":18}},"27":{"start":{"line":48,"column":6},"end":{"line":48,"column":18}},"28":{"start":{"line":52,"column":17},"end":{"line":64,"column":3}},"29":{"start":{"line":53,"column":26},"end":{"line":53,"column":37}},"30":{"start":{"line":54,"column":4},"end":{"line":54,"column":60}},"31":{"start":{"line":56,"column":4},"end":{"line":63,"column":9}},"32":{"start":{"line":66,"column":2},"end":{"line":71,"column":4}}},"fnMap":{"0":{"name":"(anonymous_0)","decl":{"start":{"line":5,"column":17},"end":{"line":5,"column":18}},"loc":{"start":{"line":5,"column":26},"end":{"line":72,"column":1}},"line":5},"1":{"name":"(anonymous_1)","decl":{"start":{"line":6,"column":17},"end":{"line":6,"column":18}},"loc":{"start":{"line":6,"column":34},"end":{"line":12,"column":3}},"line":6},"2":{"name":"(anonymous_2)","decl":{"start":{"line":14,"column":15},"end":{"line":14,"column":16}},"loc":{"start":{"line":14,"column":32},"end":{"line":16,"column":3}},"line":14},"3":{"name":"(anonymous_3)","decl":{"start":{"line":18,"column":26},"end":{"line":18,"column":27}},"loc":{"start":{"line":18,"column":36},"end":{"line":21,"column":3}},"line":18},"4":{"name":"(anonymous_4)","decl":{"start":{"line":23,"column":15},"end":{"line":23,"column":16}},"loc":{"start":{"line":23,"column":39},"end":{"line":50,"column":3}},"line":23},"5":{"name":"(anonymous_5)","decl":{"start":{"line":52,"column":17},"end":{"line":52,"column":18}},"loc":{"start":{"line":52,"column":31},"end":{"line":64,"column":3}},"line":52}},"branchMap":{"0":{"loc":{"start":{"line":6,"column":18},"end":{"line":6,"column":29}},"type":"default-arg","locations":[{"start":{"line":6,"column":27},"end":{"line":6,"column":29}}],"line":6},"1":{"loc":{"start":{"line":14,"column":16},"end":{"line":14,"column":27}},"type":"default-arg","locations":[{"start":{"line":14,"column":25},"end":{"line":14,"column":27}}],"line":14},"2":{"loc":{"start":{"line":25,"column":6},"end":{"line":25,"column":99}},"type":"if","locations":[{"start":{"line":25,"column":6},"end":{"line":25,"column":99}},{"start":{},"end":{}}],"line":25},"3":{"loc":{"start":{"line":26,"column":6},"end":{"line":26,"column":93}},"type":"if","locations":[{"start":{"line":26,"column":6},"end":{"line":26,"column":93}},{"start":{},"end":{}}],"line":26},"4":{"loc":{"start":{"line":27,"column":6},"end":{"line":27,"column":99}},"type":"if","locations":[{"start":{"line":27,"column":6},"end":{"line":27,"column":99}},{"start":{},"end":{}}],"line":27},"5":{"loc":{"start":{"line":30,"column":6},"end":{"line":30,"column":69}},"type":"if","locations":[{"start":{"line":30,"column":6},"end":{"line":30,"column":69}},{"start":{},"end":{}}],"line":30},"6":{"loc":{"start":{"line":42,"column":6},"end":{"line":44,"column":7}},"type":"if","locations":[{"start":{"line":42,"column":6},"end":{"line":44,"column":7}},{"start":{},"end":{}}],"line":42}},"s":{"0":10,"1":10,"2":10,"3":10,"4":1,"5":10,"6":20,"7":10,"8":9,"9":9,"10":10,"11":11,"12":11,"13":1,"14":10,"15":1,"16":9,"17":1,"18":8,"19":8,"20":0,"21":8,"22":8,"23":8,"24":8,"25":0,"26":8,"27":3,"28":10,"29":1,"30":1,"31":1,"32":10},"f":{"0":10,"1":1,"2":20,"3":9,"4":11,"5":1},"b":{"0":[1],"1":[0],"2":[1,10],"3":[1,9],"4":[1,8],"5":[0,8],"6":[0,8]},"_coverageSchema":"1a1c01bbd47fc00a2c39e90264f33305004495a9","hash":"b812d318a8dbf6a7be279e9f8ccd8841e1b8e67e"}
}
