TN:
SF:knexfile.js
FNF:0
FNH:0
DA:1,10
DA:2,10
DA:4,10
DA:8,10
LF:4
LH:4
BRF:0
BRH:0
end_of_record
TN:
SF:src/app.js
FN:26,(anonymous_0)
FN:30,(anonymous_1)
FNF:2
FNH:2
FNDA:1,(anonymous_0)
FNDA:52,(anonymous_1)
DA:1,10
DA:2,10
DA:3,10
DA:4,10
DA:5,10
DA:6,10
DA:8,10
DA:10,10
DA:17,10
DA:26,10
DA:27,1
DA:30,10
DA:31,52
DA:32,52
DA:33,0
DA:34,52
DA:37,10
LF:17
LH:16
BRDA:32,0,0,52
BRDA:32,0,1,0
BRF:2
BRH:1
end_of_record
TN:
SF:src/config.js
FNF:0
FNH:0
DA:1,10
DA:2,10
DA:4,10
DA:8,10
LF:4
LH:4
BRDA:9,0,0,10
BRDA:9,0,1,0
BRDA:10,1,0,10
BRDA:10,1,1,0
BRF:4
BRH:2
end_of_record
TN:
SF:src/config/middlewares.js
FN:3,(anonymous_0)
FNF:1
FNH:1
FNDA:10,(anonymous_0)
DA:1,10
DA:3,10
DA:4,10
LF:3
LH:3
BRF:0
BRH:0
end_of_record
TN:
SF:src/config/passport.js
FN:9,(anonymous_0)
FN:15,(anonymous_1)
FN:17,(anonymous_2)
FN:20,(anonymous_3)
FN:26,(anonymous_4)
FNF:5
FNH:4
FNDA:10,(anonymous_0)
FNDA:10,(anonymous_1)
FNDA:10,(anonymous_2)
FNDA:0,(anonymous_3)
FNDA:30,(anonymous_4)
DA:1,10
DA:3,10
DA:5,10
DA:7,10
DA:9,10
DA:10,10
DA:15,10
DA:16,10
DA:18,10
DA:19,0
DA:20,0
DA:23,10
DA:25,10
DA:26,30
LF:14
LH:12
BRDA:18,0,0,10
BRDA:18,0,1,0
BRF:2
BRH:1
end_of_record
TN:
SF:src/config/passportuser.js
FN:9,(anonymous_0)
FN:15,(anonymous_1)
FN:17,(anonymous_2)
FN:20,(anonymous_3)
FN:26,(anonymous_4)
FNF:5
FNH:4
FNDA:10,(anonymous_0)
FNDA:8,(anonymous_1)
FNDA:8,(anonymous_2)
FNDA:0,(anonymous_3)
FNDA:20,(anonymous_4)
DA:1,10
DA:3,10
DA:5,10
DA:7,10
DA:9,10
DA:10,10
DA:15,10
DA:16,8
DA:18,8
DA:19,0
DA:20,0
DA:23,10
DA:25,10
DA:26,20
LF:14
LH:12
BRDA:18,0,0,8
BRDA:18,0,1,0
BRF:2
BRH:1
end_of_record
TN:
SF:src/config/routes.js
FN:1,(anonymous_0)
FNF:1
FNH:1
FNDA:10,(anonymous_0)
DA:1,10
DA:2,10
DA:5,10
DA:8,10
DA:11,10
DA:14,10
DA:18,10
DA:22,10
DA:25,10
DA:30,10
DA:35,10
DA:39,10
DA:44,10
DA:48,10
DA:52,10
DA:55,10
DA:60,10
DA:65,10
DA:69,10
DA:72,10
DA:76,10
DA:81,10
DA:85,10
LF:23
LH:23
BRF:0
BRH:0
end_of_record
TN:
SF:src/errors/validationError.js
FN:1,validationError
FNF:1
FNH:1
FNDA:52,validationError
DA:1,10
DA:2,52
DA:3,52
LF:3
LH:3
BRF:0
BRH:0
end_of_record
TN:
SF:src/routes/auths.js
FN:8,(anonymous_0)
FN:9,(anonymous_1)
FN:13,(anonymous_2)
FN:30,(anonymous_3)
FN:33,(anonymous_4)
FN:37,(anonymous_5)
FN:53,(anonymous_6)
FNF:7
FNH:5
FNDA:10,(anonymous_0)
FNDA:2,(anonymous_1)
FNDA:2,(anonymous_2)
FNDA:0,(anonymous_3)
FNDA:2,(anonymous_4)
FNDA:2,(anonymous_5)
FNDA:0,(anonymous_6)
DA:1,10
DA:2,10
DA:4,10
DA:6,10
DA:8,10
DA:9,10
DA:10,2
DA:14,2
DA:15,1
DA:24,1
DA:25,1
DA:27,1
DA:30,0
DA:33,10
DA:34,2
DA:38,2
DA:39,1
DA:47,1
DA:48,1
DA:50,1
DA:53,0
DA:56,10
LF:22
LH:20
BRDA:14,0,0,1
BRDA:14,0,1,1
BRDA:38,1,0,1
BRDA:38,1,1,1
BRF:4
BRH:4
end_of_record
TN:
SF:src/routes/comments.js
FN:1,(anonymous_0)
FN:2,(anonymous_1)
FN:4,(anonymous_2)
FN:5,(anonymous_3)
FN:8,(anonymous_4)
FN:10,(anonymous_5)
FN:11,(anonymous_6)
FN:14,(anonymous_7)
FN:16,(anonymous_8)
FN:18,(anonymous_9)
FN:23,(anonymous_10)
FN:25,(anonymous_11)
FN:26,(anonymous_12)
FN:29,(anonymous_13)
FN:31,(anonymous_14)
FN:32,(anonymous_15)
FNF:16
FNH:11
FNDA:10,(anonymous_0)
FNDA:1,(anonymous_1)
FNDA:1,(anonymous_2)
FNDA:0,(anonymous_3)
FNDA:1,(anonymous_4)
FNDA:1,(anonymous_5)
FNDA:0,(anonymous_6)
FNDA:5,(anonymous_7)
FNDA:1,(anonymous_8)
FNDA:0,(anonymous_9)
FNDA:1,(anonymous_10)
FNDA:1,(anonymous_11)
FNDA:0,(anonymous_12)
FNDA:1,(anonymous_13)
FNDA:1,(anonymous_14)
FNDA:0,(anonymous_15)
DA:1,10
DA:2,10
DA:3,1
DA:4,1
DA:5,0
DA:8,10
DA:9,1
DA:10,1
DA:11,0
DA:14,10
DA:15,5
DA:17,1
DA:19,0
DA:23,10
DA:24,1
DA:25,1
DA:26,0
DA:29,10
DA:30,1
DA:31,1
DA:32,0
DA:35,10
LF:22
LH:17
BRF:0
BRH:0
end_of_record
TN:
SF:src/routes/contacts.js
FN:1,(anonymous_0)
FN:2,(anonymous_1)
FN:4,(anonymous_2)
FN:6,(anonymous_3)
FN:11,(anonymous_4)
FN:13,(anonymous_5)
FN:14,(anonymous_6)
FN:17,(anonymous_7)
FN:20,(anonymous_8)
FN:21,(anonymous_9)
FNF:10
FNH:8
FNDA:10,(anonymous_0)
FNDA:6,(anonymous_1)
FNDA:1,(anonymous_2)
FNDA:5,(anonymous_3)
FNDA:1,(anonymous_4)
FNDA:1,(anonymous_5)
FNDA:0,(anonymous_6)
FNDA:1,(anonymous_7)
FNDA:1,(anonymous_8)
FNDA:0,(anonymous_9)
DA:1,10
DA:2,10
DA:3,6
DA:5,1
DA:7,5
DA:11,10
DA:12,1
DA:13,1
DA:14,0
DA:17,10
DA:18,1
DA:19,1
DA:20,1
DA:21,0
DA:24,10
LF:15
LH:13
BRF:0
BRH:0
end_of_record
TN:
SF:src/routes/registerusers.js
FN:3,(anonymous_0)
FN:4,(anonymous_1)
FN:6,(anonymous_2)
FN:7,(anonymous_3)
FN:10,(anonymous_4)
FN:14,(anonymous_5)
FN:15,(anonymous_6)
FN:18,(anonymous_7)
FN:20,(anonymous_8)
FN:22,(anonymous_9)
FN:27,(anonymous_10)
FN:40,(anonymous_11)
FN:42,(anonymous_12)
FN:43,(anonymous_13)
FNF:14
FNH:11
FNDA:10,(anonymous_0)
FNDA:1,(anonymous_1)
FNDA:1,(anonymous_2)
FNDA:0,(anonymous_3)
FNDA:1,(anonymous_4)
FNDA:1,(anonymous_5)
FNDA:0,(anonymous_6)
FNDA:7,(anonymous_7)
FNDA:4,(anonymous_8)
FNDA:3,(anonymous_9)
FNDA:2,(anonymous_10)
FNDA:1,(anonymous_11)
FNDA:1,(anonymous_12)
FNDA:0,(anonymous_13)
DA:1,10
DA:3,10
DA:4,10
DA:5,1
DA:6,1
DA:7,0
DA:10,10
DA:11,1
DA:14,1
DA:15,0
DA:18,10
DA:19,7
DA:21,4
DA:23,3
DA:27,10
DA:28,2
DA:30,2
DA:36,2
DA:37,1
DA:40,10
DA:41,1
DA:42,1
DA:44,0
DA:48,10
LF:24
LH:21
BRDA:36,0,0,1
BRDA:36,0,1,1
BRF:2
BRH:2
end_of_record
TN:
SF:src/routes/reservations.js
FN:1,(anonymous_0)
FN:2,(anonymous_1)
FN:4,(anonymous_2)
FN:5,(anonymous_3)
FN:8,(anonymous_4)
FN:10,(anonymous_5)
FN:11,(anonymous_6)
FN:14,(anonymous_7)
FN:16,(anonymous_8)
FN:18,(anonymous_9)
FN:23,(anonymous_10)
FN:25,(anonymous_11)
FN:26,(anonymous_12)
FN:29,(anonymous_13)
FN:31,(anonymous_14)
FN:32,(anonymous_15)
FNF:16
FNH:11
FNDA:10,(anonymous_0)
FNDA:1,(anonymous_1)
FNDA:1,(anonymous_2)
FNDA:0,(anonymous_3)
FNDA:1,(anonymous_4)
FNDA:1,(anonymous_5)
FNDA:0,(anonymous_6)
FNDA:6,(anonymous_7)
FNDA:1,(anonymous_8)
FNDA:0,(anonymous_9)
FNDA:1,(anonymous_10)
FNDA:1,(anonymous_11)
FNDA:0,(anonymous_12)
FNDA:1,(anonymous_13)
FNDA:1,(anonymous_14)
FNDA:0,(anonymous_15)
DA:1,10
DA:2,10
DA:3,1
DA:4,1
DA:5,0
DA:8,10
DA:9,1
DA:10,1
DA:11,0
DA:14,10
DA:15,6
DA:17,1
DA:19,0
DA:23,10
DA:24,1
DA:25,1
DA:26,0
DA:29,10
DA:30,1
DA:31,1
DA:32,0
DA:35,10
LF:22
LH:17
BRF:0
BRH:0
end_of_record
TN:
SF:src/routes/restaurantregistrations.js
FN:1,(anonymous_0)
FN:2,(anonymous_1)
FN:4,(anonymous_2)
FN:5,(anonymous_3)
FN:8,(anonymous_4)
FN:12,(anonymous_5)
FN:13,(anonymous_6)
FN:16,(anonymous_7)
FN:18,(anonymous_8)
FN:20,(anonymous_9)
FN:25,(anonymous_10)
FN:38,(anonymous_11)
FN:40,(anonymous_12)
FN:41,(anonymous_13)
FNF:14
FNH:11
FNDA:10,(anonymous_0)
FNDA:1,(anonymous_1)
FNDA:1,(anonymous_2)
FNDA:0,(anonymous_3)
FNDA:1,(anonymous_4)
FNDA:1,(anonymous_5)
FNDA:0,(anonymous_6)
FNDA:20,(anonymous_7)
FNDA:4,(anonymous_8)
FNDA:16,(anonymous_9)
FNDA:2,(anonymous_10)
FNDA:1,(anonymous_11)
FNDA:1,(anonymous_12)
FNDA:0,(anonymous_13)
DA:1,10
DA:2,10
DA:3,1
DA:4,1
DA:5,0
DA:8,10
DA:9,1
DA:12,1
DA:13,0
DA:16,10
DA:17,20
DA:19,4
DA:21,16
DA:25,10
DA:26,2
DA:28,2
DA:34,2
DA:35,1
DA:38,10
DA:39,1
DA:40,1
DA:41,0
DA:44,10
LF:23
LH:20
BRDA:34,0,0,1
BRDA:34,0,1,1
BRF:2
BRH:2
end_of_record
TN:
SF:src/routes/restaurantresponsibles.js
FN:1,(anonymous_0)
FN:2,(anonymous_1)
FN:4,(anonymous_2)
FN:5,(anonymous_3)
FN:8,(anonymous_4)
FN:10,(anonymous_5)
FN:11,(anonymous_6)
FN:14,(anonymous_7)
FN:16,(anonymous_8)
FN:18,(anonymous_9)
FN:23,(anonymous_10)
FN:25,(anonymous_11)
FN:26,(anonymous_12)
FNF:13
FNH:10
FNDA:10,(anonymous_0)
FNDA:1,(anonymous_1)
FNDA:1,(anonymous_2)
FNDA:0,(anonymous_3)
FNDA:1,(anonymous_4)
FNDA:1,(anonymous_5)
FNDA:0,(anonymous_6)
FNDA:6,(anonymous_7)
FNDA:2,(anonymous_8)
FNDA:4,(anonymous_9)
FNDA:1,(anonymous_10)
FNDA:1,(anonymous_11)
FNDA:0,(anonymous_12)
DA:1,10
DA:2,10
DA:3,1
DA:4,1
DA:5,0
DA:8,10
DA:9,1
DA:10,1
DA:11,0
DA:14,10
DA:15,6
DA:17,2
DA:19,4
DA:23,10
DA:24,1
DA:25,1
DA:26,0
DA:29,10
LF:18
LH:15
BRF:0
BRH:0
end_of_record
TN:
SF:src/routes/restaurants.js
FN:1,(anonymous_0)
FN:2,(anonymous_1)
FN:4,(anonymous_2)
FN:5,(anonymous_3)
FN:8,(anonymous_4)
FN:10,(anonymous_5)
FN:11,(anonymous_6)
FN:14,(anonymous_7)
FN:16,(anonymous_8)
FN:18,(anonymous_9)
FN:23,(anonymous_10)
FN:25,(anonymous_11)
FN:26,(anonymous_12)
FNF:13
FNH:10
FNDA:10,(anonymous_0)
FNDA:1,(anonymous_1)
FNDA:1,(anonymous_2)
FNDA:0,(anonymous_3)
FNDA:1,(anonymous_4)
FNDA:1,(anonymous_5)
FNDA:0,(anonymous_6)
FNDA:13,(anonymous_7)
FNDA:1,(anonymous_8)
FNDA:12,(anonymous_9)
FNDA:1,(anonymous_10)
FNDA:1,(anonymous_11)
FNDA:0,(anonymous_12)
DA:1,10
DA:2,10
DA:3,1
DA:4,1
DA:5,0
DA:8,10
DA:9,1
DA:10,1
DA:11,0
DA:14,10
DA:15,13
DA:17,1
DA:19,12
DA:23,10
DA:24,1
DA:25,1
DA:26,0
DA:29,10
LF:18
LH:15
BRF:0
BRH:0
end_of_record
TN:
SF:src/routes/users.js
FN:1,(anonymous_0)
FN:2,(anonymous_1)
FN:4,(anonymous_2)
FN:5,(anonymous_3)
FN:8,(anonymous_4)
FN:12,(anonymous_5)
FN:13,(anonymous_6)
FN:16,(anonymous_7)
FN:18,(anonymous_8)
FN:20,(anonymous_9)
FN:25,(anonymous_10)
FN:27,(anonymous_11)
FN:28,(anonymous_12)
FNF:13
FNH:10
FNDA:10,(anonymous_0)
FNDA:1,(anonymous_1)
FNDA:1,(anonymous_2)
FNDA:0,(anonymous_3)
FNDA:1,(anonymous_4)
FNDA:1,(anonymous_5)
FNDA:0,(anonymous_6)
FNDA:6,(anonymous_7)
FNDA:3,(anonymous_8)
FNDA:3,(anonymous_9)
FNDA:1,(anonymous_10)
FNDA:1,(anonymous_11)
FNDA:0,(anonymous_12)
DA:1,10
DA:2,10
DA:3,1
DA:4,1
DA:5,0
DA:8,10
DA:9,1
DA:12,1
DA:13,0
DA:16,10
DA:17,6
DA:19,3
DA:21,3
DA:25,10
DA:26,1
DA:27,1
DA:28,0
DA:31,10
LF:18
LH:15
BRF:0
BRH:0
end_of_record
TN:
SF:src/services/comment.js
FN:3,(anonymous_0)
FN:4,(anonymous_1)
FN:8,(anonymous_2)
FN:12,(anonymous_3)
FN:21,(anonymous_4)
FN:27,(anonymous_5)
FNF:6
FNH:6
FNDA:10,(anonymous_0)
FNDA:1,(anonymous_1)
FNDA:1,(anonymous_2)
FNDA:5,(anonymous_3)
FNDA:1,(anonymous_4)
FNDA:1,(anonymous_5)
DA:1,10
DA:3,10
DA:4,10
DA:5,1
DA:8,10
DA:9,1
DA:12,10
DA:13,5
DA:14,4
DA:15,3
DA:16,2
DA:18,1
DA:21,10
DA:22,1
DA:27,10
DA:28,1
DA:33,10
LF:17
LH:17
BRDA:8,0,0,0
BRDA:13,1,0,1
BRDA:13,1,1,4
BRDA:14,2,0,1
BRDA:14,2,1,3
BRDA:15,3,0,1
BRDA:15,3,1,2
BRDA:16,4,0,1
BRDA:16,4,1,1
BRF:9
BRH:8
end_of_record
TN:
SF:src/services/contact.js
FN:3,(anonymous_0)
FN:4,(anonymous_1)
FN:13,(anonymous_2)
FN:21,(anonymous_3)
FNF:4
FNH:4
FNDA:10,(anonymous_0)
FNDA:6,(anonymous_1)
FNDA:1,(anonymous_2)
FNDA:1,(anonymous_3)
DA:1,10
DA:3,10
DA:4,10
DA:5,6
DA:6,6
DA:7,1
DA:9,5
DA:13,10
DA:14,1
DA:15,1
DA:17,0
DA:21,10
DA:22,1
DA:23,1
DA:25,0
DA:29,10
LF:16
LH:14
BRF:0
BRH:0
end_of_record
TN:
SF:src/services/registeruser.js
FN:5,(anonymous_0)
FN:6,(anonymous_1)
FN:14,(anonymous_2)
FN:18,(anonymous_3)
FN:23,(anonymous_4)
FN:41,(anonymous_5)
FN:54,(anonymous_6)
FNF:7
FNH:7
FNDA:10,(anonymous_0)
FNDA:1,(anonymous_1)
FNDA:12,(anonymous_2)
FNDA:9,(anonymous_3)
FNDA:11,(anonymous_4)
FNDA:1,(anonymous_5)
FNDA:2,(anonymous_6)
DA:2,10
DA:3,10
DA:5,10
DA:6,10
DA:7,1
DA:14,10
DA:15,12
DA:18,10
DA:19,9
DA:20,9
DA:23,10
DA:24,11
DA:25,10
DA:26,9
DA:28,8
DA:29,8
DA:31,8
DA:32,8
DA:34,8
DA:41,10
DA:42,1
DA:43,1
DA:45,1
DA:54,10
DA:55,2
DA:56,2
DA:57,0
DA:60,2
DA:61,1
DA:64,1
DA:69,1
DA:72,10
LF:32
LH:31
BRDA:6,0,0,1
BRDA:14,1,0,0
BRDA:24,2,0,1
BRDA:24,2,1,10
BRDA:25,3,0,1
BRDA:25,3,1,9
BRDA:26,4,0,1
BRDA:26,4,1,8
BRDA:29,5,0,0
BRDA:29,5,1,8
BRDA:56,6,0,0
BRDA:56,6,1,2
BRDA:60,7,0,1
BRDA:60,7,1,1
BRF:14
BRH:11
end_of_record
TN:
SF:src/services/reservation.js
FN:4,(anonymous_0)
FN:5,(anonymous_1)
FN:9,(anonymous_2)
FN:13,(anonymous_3)
FN:22,(anonymous_4)
FN:28,(anonymous_5)
FNF:6
FNH:6
FNDA:10,(anonymous_0)
FNDA:1,(anonymous_1)
FNDA:1,(anonymous_2)
FNDA:6,(anonymous_3)
FNDA:1,(anonymous_4)
FNDA:1,(anonymous_5)
DA:2,10
DA:4,10
DA:5,10
DA:6,1
DA:9,10
DA:10,1
DA:13,10
DA:14,6
DA:15,5
DA:16,4
DA:17,3
DA:18,2
DA:19,1
DA:22,10
DA:23,1
DA:28,10
DA:29,1
DA:34,10
LF:18
LH:18
BRDA:9,0,0,0
BRDA:14,1,0,1
BRDA:14,1,1,5
BRDA:15,2,0,1
BRDA:15,2,1,4
BRDA:16,3,0,1
BRDA:16,3,1,3
BRDA:17,4,0,1
BRDA:17,4,1,2
BRDA:18,5,0,1
BRDA:18,5,1,1
BRF:11
BRH:10
end_of_record
TN:
SF:src/services/restaurant.js
FN:5,(anonymous_0)
FN:6,(anonymous_1)
FN:10,(anonymous_2)
FN:14,(anonymous_3)
FN:40,(anonymous_4)
FNF:5
FNH:5
FNDA:10,(anonymous_0)
FNDA:1,(anonymous_1)
FNDA:1,(anonymous_2)
FNDA:15,(anonymous_3)
FNDA:1,(anonymous_4)
DA:3,10
DA:5,10
DA:6,10
DA:7,1
DA:10,10
DA:11,1
DA:14,10
DA:15,15
DA:16,15
DA:17,14
DA:18,13
DA:19,12
DA:20,11
DA:21,10
DA:22,9
DA:23,8
DA:24,7
DA:25,6
DA:26,5
DA:27,4
DA:28,3
DA:30,3
DA:31,0
DA:34,3
DA:36,12
DA:40,10
DA:41,1
DA:46,10
LF:28
LH:27
BRDA:10,0,0,0
BRDA:16,1,0,1
BRDA:16,1,1,14
BRDA:17,2,0,1
BRDA:17,2,1,13
BRDA:18,3,0,1
BRDA:18,3,1,12
BRDA:19,4,0,1
BRDA:19,4,1,11
BRDA:20,5,0,1
BRDA:20,5,1,10
BRDA:21,6,0,1
BRDA:21,6,1,9
BRDA:22,7,0,1
BRDA:22,7,1,8
BRDA:23,8,0,1
BRDA:23,8,1,7
BRDA:24,9,0,1
BRDA:24,9,1,6
BRDA:25,10,0,1
BRDA:25,10,1,5
BRDA:26,11,0,1
BRDA:26,11,1,4
BRDA:27,12,0,1
BRDA:27,12,1,3
BRDA:30,13,0,0
BRDA:30,13,1,3
BRF:27
BRH:25
end_of_record
TN:
SF:src/services/restaurantregistration.js
FN:5,(anonymous_0)
FN:6,(anonymous_1)
FN:27,(anonymous_2)
FN:31,(anonymous_3)
FN:36,(anonymous_4)
FN:80,(anonymous_5)
FN:99,(anonymous_6)
FNF:7
FNH:7
FNDA:10,(anonymous_0)
FNDA:1,(anonymous_1)
FNDA:13,(anonymous_2)
FNDA:10,(anonymous_3)
FNDA:25,(anonymous_4)
FNDA:2,(anonymous_5)
FNDA:1,(anonymous_6)
DA:2,10
DA:3,10
DA:5,10
DA:6,10
DA:7,1
DA:27,10
DA:28,13
DA:31,10
DA:32,10
DA:33,10
DA:36,10
DA:37,25
DA:38,24
DA:39,23
DA:40,22
DA:41,21
DA:42,20
DA:43,19
DA:44,18
DA:45,17
DA:46,16
DA:47,15
DA:48,14
DA:49,13
DA:50,12
DA:51,11
DA:52,10
DA:54,9
DA:55,9
DA:57,9
DA:58,9
DA:60,9
DA:80,10
DA:81,2
DA:83,2
DA:84,0
DA:87,2
DA:88,1
DA:91,1
DA:96,1
DA:99,10
DA:100,1
DA:101,1
DA:103,1
DA:125,10
LF:45
LH:44
BRDA:6,0,0,1
BRDA:27,1,0,0
BRDA:37,2,0,1
BRDA:37,2,1,24
BRDA:38,3,0,1
BRDA:38,3,1,23
BRDA:39,4,0,1
BRDA:39,4,1,22
BRDA:40,5,0,1
BRDA:40,5,1,21
BRDA:41,6,0,1
BRDA:41,6,1,20
BRDA:42,7,0,1
BRDA:42,7,1,19
BRDA:43,8,0,1
BRDA:43,8,1,18
BRDA:44,9,0,1
BRDA:44,9,1,17
BRDA:45,10,0,1
BRDA:45,10,1,16
BRDA:46,11,0,1
BRDA:46,11,1,15
BRDA:47,12,0,1
BRDA:47,12,1,14
BRDA:48,13,0,1
BRDA:48,13,1,13
BRDA:49,14,0,1
BRDA:49,14,1,12
BRDA:50,15,0,1
BRDA:50,15,1,11
BRDA:51,16,0,1
BRDA:51,16,1,10
BRDA:52,17,0,1
BRDA:52,17,1,9
BRDA:55,18,0,0
BRDA:55,18,1,9
BRDA:83,19,0,0
BRDA:83,19,1,2
BRDA:87,20,0,1
BRDA:87,20,1,1
BRF:40
BRH:37
end_of_record
TN:
SF:src/services/restaurantresponsible.js
FN:4,(anonymous_0)
FN:5,(anonymous_1)
FN:15,(anonymous_2)
FN:19,(anonymous_3)
FN:24,(anonymous_4)
FN:45,(anonymous_5)
FNF:6
FNH:6
FNDA:10,(anonymous_0)
FNDA:1,(anonymous_1)
FNDA:22,(anonymous_2)
FNDA:10,(anonymous_3)
FNDA:13,(anonymous_4)
FNDA:1,(anonymous_5)
DA:1,10
DA:2,10
DA:4,10
DA:5,10
DA:6,1
DA:15,10
DA:16,22
DA:19,10
DA:20,10
DA:21,10
DA:24,10
DA:25,13
DA:26,12
DA:27,11
DA:28,10
DA:30,9
DA:31,9
DA:33,9
DA:34,9
DA:36,9
DA:45,10
DA:46,1
DA:47,1
DA:49,1
DA:60,10
LF:25
LH:25
BRDA:5,0,0,1
BRDA:15,1,0,0
BRDA:25,2,0,1
BRDA:25,2,1,12
BRDA:26,3,0,1
BRDA:26,3,1,11
BRDA:27,4,0,1
BRDA:27,4,1,10
BRDA:28,5,0,1
BRDA:28,5,1,9
BRDA:31,6,0,0
BRDA:31,6,1,9
BRF:12
BRH:10
end_of_record
TN:
SF:src/services/user.js
FN:5,(anonymous_0)
FN:6,(anonymous_1)
FN:14,(anonymous_2)
FN:18,(anonymous_3)
FN:23,(anonymous_4)
FN:52,(anonymous_5)
FNF:6
FNH:6
FNDA:10,(anonymous_0)
FNDA:1,(anonymous_1)
FNDA:20,(anonymous_2)
FNDA:9,(anonymous_3)
FNDA:11,(anonymous_4)
FNDA:1,(anonymous_5)
DA:2,10
DA:3,10
DA:5,10
DA:6,10
DA:7,1
DA:14,10
DA:15,20
DA:18,10
DA:19,9
DA:20,9
DA:23,10
DA:24,11
DA:25,11
DA:26,10
DA:27,9
DA:29,8
DA:30,8
DA:32,8
DA:33,8
DA:35,8
DA:42,8
DA:43,0
DA:46,8
DA:48,3
DA:52,10
DA:53,1
DA:54,1
DA:56,1
DA:66,10
LF:29
LH:28
BRDA:6,0,0,1
BRDA:14,1,0,0
BRDA:25,2,0,1
BRDA:25,2,1,10
BRDA:26,3,0,1
BRDA:26,3,1,9
BRDA:27,4,0,1
BRDA:27,4,1,8
BRDA:30,5,0,0
BRDA:30,5,1,8
BRDA:42,6,0,0
BRDA:42,6,1,8
BRF:12
BRH:9
end_of_record
